time=2026-02-11T19:42:25.256+08:00 level=INFO source=/Users/wenzhengfeng/code/go/lucky_project/config/log.go:71 msg=日志系统初始化成功
time=2026-02-11T19:42:25.743+08:00 level=INFO source=/Users/wenzhengfeng/code/go/lucky_project/dao/model_dao.go:22 msg="init model dao" layer=dao dao=ModelDAO method=NewModelDAO
time=2026-02-11T19:42:25.743+08:00 level=INFO source=/Users/wenzhengfeng/code/go/lucky_project/dao/model_dao.go:35 msg="save model begin" layer=dao dao=ModelDAO method=Save name=unittest_model_1770810145743659000 version=1
time=2026-02-11T19:42:25.885+08:00 level=INFO source=/Users/wenzhengfeng/code/go/lucky_project/dao/model_dao.go:87 msg="save model success" layer=dao dao=ModelDAO method=Save id=69 name=unittest_model_1770810145743659000 version=1
time=2026-02-11T19:42:25.886+08:00 level=INFO source=/Users/wenzhengfeng/code/go/lucky_project/dao/model_dao.go:22 msg="init model dao" layer=dao dao=ModelDAO method=NewModelDAO
time=2026-02-11T19:42:25.886+08:00 level=INFO source=/Users/wenzhengfeng/code/go/lucky_project/dao/model_dao.go:35 msg="save model begin" layer=dao dao=ModelDAO method=Save name=unittest_model_1770810145886155000 version=1
time=2026-02-11T19:42:25.987+08:00 level=INFO source=/Users/wenzhengfeng/code/go/lucky_project/dao/model_dao.go:87 msg="save model success" layer=dao dao=ModelDAO method=Save id=70 name=unittest_model_1770810145886155000 version=1
time=2026-02-11T19:42:25.987+08:00 level=INFO source=/Users/wenzhengfeng/code/go/lucky_project/dao/model_dao.go:220 msg="delete model begin" layer=dao dao=ModelDAO method=DeleteByID id=70
time=2026-02-11T19:42:26.175+08:00 level=INFO source=/Users/wenzhengfeng/code/go/lucky_project/dao/model_dao.go:238 msg="delete model success" layer=dao dao=ModelDAO method=DeleteByID id=70
time=2026-02-11T19:42:26.176+08:00 level=INFO source=/Users/wenzhengfeng/code/go/lucky_project/dao/model_dao.go:249 msg="find model by id begin" layer=dao dao=ModelDAO method=FindByID id=70
time=2026-02-11T19:42:26.216+08:00 level=ERROR source=/Users/wenzhengfeng/code/go/lucky_project/dao/model_dao.go:260 msg="find model by id failed: db query" layer=dao dao=ModelDAO method=FindByID id=70 error="record not found"
time=2026-02-11T19:42:26.293+08:00 level=INFO source=/Users/wenzhengfeng/code/go/lucky_project/dao/model_dao.go:22 msg="init model dao" layer=dao dao=ModelDAO method=NewModelDAO
time=2026-02-11T19:42:26.293+08:00 level=WARN source=/Users/wenzhengfeng/code/go/lucky_project/dao/model_dao.go:217 msg="delete model skipped: invalid id" layer=dao dao=ModelDAO method=DeleteByID id=0
time=2026-02-11T19:42:26.293+08:00 level=INFO source=/Users/wenzhengfeng/code/go/lucky_project/dao/model_dao.go:22 msg="init model dao" layer=dao dao=ModelDAO method=NewModelDAO
time=2026-02-11T19:42:26.293+08:00 level=WARN source=/Users/wenzhengfeng/code/go/lucky_project/dao/model_dao.go:32 msg="save model skipped: model is nil" layer=dao dao=ModelDAO method=Save
time=2026-02-11T19:42:26.293+08:00 level=INFO source=/Users/wenzhengfeng/code/go/lucky_project/dao/model_dao.go:22 msg="init model dao" layer=dao dao=ModelDAO method=NewModelDAO
time=2026-02-11T19:42:26.293+08:00 level=INFO source=/Users/wenzhengfeng/code/go/lucky_project/dao/model_dao.go:35 msg="save model begin" layer=dao dao=ModelDAO method=Save name=unittest_dup_model_1770810146293410000 version=1
time=2026-02-11T19:42:26.394+08:00 level=INFO source=/Users/wenzhengfeng/code/go/lucky_project/dao/model_dao.go:87 msg="save model success" layer=dao dao=ModelDAO method=Save id=71 name=unittest_dup_model_1770810146293410000 version=1
time=2026-02-11T19:42:26.394+08:00 level=INFO source=/Users/wenzhengfeng/code/go/lucky_project/dao/model_dao.go:35 msg="save model begin" layer=dao dao=ModelDAO method=Save name=unittest_dup_model_1770810146293410000 version=1
time=2026-02-11T19:42:26.496+08:00 level=INFO source=/Users/wenzhengfeng/code/go/lucky_project/dao/model_dao.go:87 msg="save model success" layer=dao dao=ModelDAO method=Save id=71 name=unittest_dup_model_1770810146293410000 version=1
time=2026-02-11T19:42:26.496+08:00 level=INFO source=/Users/wenzhengfeng/code/go/lucky_project/dao/model_dao.go:249 msg="find model by id begin" layer=dao dao=ModelDAO method=FindByID id=71
time=2026-02-11T19:42:26.516+08:00 level=INFO source=/Users/wenzhengfeng/code/go/lucky_project/dao/model_dao.go:263 msg="find model by id success" layer=dao dao=ModelDAO method=FindByID id=71 name=unittest_dup_model_1770810146293410000
time=2026-02-11T19:42:26.764+08:00 level=INFO source=/Users/wenzhengfeng/code/go/lucky_project/dao/model_dao.go:22 msg="init model dao" layer=dao dao=ModelDAO method=NewModelDAO
time=2026-02-11T19:42:26.764+08:00 level=INFO source=/Users/wenzhengfeng/code/go/lucky_project/dao/model_dao.go:35 msg="save model begin" layer=dao dao=ModelDAO method=Save name=unittest_model_1770810146764606000 version=1
time=2026-02-11T19:42:26.864+08:00 level=INFO source=/Users/wenzhengfeng/code/go/lucky_project/dao/model_dao.go:87 msg="save model success" layer=dao dao=ModelDAO method=Save id=73 name=unittest_model_1770810146764606000 version=1
time=2026-02-11T19:42:27.002+08:00 level=INFO source=/Users/wenzhengfeng/code/go/lucky_project/dao/model_dao.go:437 msg="update model metadata success" layer=dao dao=ModelDAO method=UpdateMetadataByID id=73 updated_fields=4
time=2026-02-11T19:42:27.165+08:00 level=INFO source=/Users/wenzhengfeng/code/go/lucky_project/dao/model_dao.go:22 msg="init model dao" layer=dao dao=ModelDAO method=NewModelDAO
time=2026-02-11T19:42:27.165+08:00 level=WARN source=/Users/wenzhengfeng/code/go/lucky_project/dao/model_dao.go:402 msg="update model metadata skipped: invalid id" layer=dao dao=ModelDAO method=UpdateMetadataByID id=0
ct/dao/dataset_dao.go:59 msg="save dataset success" layer=dao dao=DatasetDAO method=Save id=33 name=TestDataset_1770810146553578000
time=2026-02-11T19:42:26.730+08:00 level=INFO source=/Users/wenzhengfeng/code/go/lucky_project/dao/dataset_dao.go:215 msg="find datasets begin" layer=dao dao=DatasetDAO method=FindAll page=0 page_size=0 name="" keyword="" storage_server="" task_type=detect
time=2026-02-11T19:42:26.804+08:00 level=INFO source=/Users/wenzhengfeng/code/go/lucky_project/dao/dataset_dao.go:296 msg="find datasets success" layer=dao dao=DatasetDAO method=FindAll total=32 returned=10
time=2026-02-11T19:42:26.807+08:00 level=INFO source=/Users/wenzhengfeng/code/go/lucky_project/dao/model_dao.go:35 msg="save model begin" layer=dao dao=ModelDAO method=Save name=TestModel_1770810146807657000 version=1
time=2026-02-11T19:42:26.939+08:00 level=INFO source=/Users/wenzhengfeng/code/go/lucky_project/dao/model_dao.go:87 msg="save model success" layer=dao dao=ModelDAO method=Save id=74 name=TestModel_1770810146807657000 version=1
time=2026-02-11T19:42:26.939+08:00 level=INFO source=/Users/wenzhengfeng/code/go/lucky_project/dao/model_dao.go:35 msg="save model begin" layer=dao dao=ModelDAO method=Save name=DupModel_1770810146939869000 version=1
time=2026-02-11T19:42:27.030+08:00 level=INFO source=/Users/wenzhengfeng/code/go/lucky_project/dao/model_dao.go:87 msg="save model success" layer=dao dao=ModelDAO method=Save id=75 name=DupModel_1770810146939869000 version=1
time=2026-02-11T19:42:27.031+08:00 level=INFO source=/Users/wenzhengfeng/code/go/lucky_project/dao/model_dao.go:35 msg="save model begin" layer=dao dao=ModelDAO method=Save name=DupModel_1770810146939869000 version=1
time=2026-02-11T19:42:27.203+08:00 level=INFO source=/Users/wenzhengfeng/code/go/lucky_project/dao/model_dao.go:87 msg="save model success" layer=dao dao=ModelDAO method=Save id=75 name=DupModel_1770810146939869000 version=1
time=2026-02-11T19:42:27.203+08:00 level=INFO source=/Users/wenzhengfeng/code/go/lucky_project/dao/model_dao.go:35 msg="save model begin" layer=dao dao=ModelDAO method=Save name=PatchModel_1770810147203277000 version=1
time=2026-02-11T19:42:27.296+08:00 level=INFO source=/Users/wenzhengfeng/code/go/lucky_project/dao/model_dao.go:87 msg="save model success" layer=dao dao=ModelDAO method=Save id=77 name=PatchModel_1770810147203277000 version=1
time=2026-02-11T19:42:27.449+08:00 level=INFO source=/Users/wenzhengfeng/code/go/lucky_project/dao/model_dao.go:437 msg="update model metadata success" layer=dao dao=ModelDAO method=UpdateMetadataByID id=77 updated_fields=12
time=2026-02-11T19:42:27.449+08:00 level=INFO source=/Users/wenzhengfeng/code/go/lucky_project/dao/model_dao.go:35 msg="save model begin" layer=dao dao=ModelDAO method=Save name=DownloadModel_1770810147449835000 version=1
time=2026-02-11T19:42:27.547+08:00 level=INFO source=/Users/wenzhengfeng/code/go/lucky_project/dao/model_dao.go:87 msg="save model success" layer=dao dao=ModelDAO method=Save id=78 name=DownloadModel_1770810147449835000 version=1
time=2026-02-11T19:42:27.548+08:00 level=INFO source=/Users/wenzhengfeng/code/go/lucky_project/dao/model_dao.go:249 msg="find model by id begin" layer=dao dao=ModelDAO method=FindByID id=78
time=2026-02-11T19:42:27.566+08:00 level=INFO source=/Users/wenzhengfeng/code/go/lucky_project/dao/model_dao.go:263 msg="find model by id success" layer=dao dao=ModelDAO method=FindByID id=78 name=DownloadModel_1770810147449835000
time=2026-02-11T19:42:27.697+08:00 level=INFO source=/Users/wenzhengfeng/code/go/lucky_project/dao/model_dao.go:204 msg="find model weight_name success" layer=dao dao=ModelDAO method=FindWeightNameByID id=78 weight_name=download_model_1770810147449835000.pt
time=2026-02-11T19:42:27.734+08:00 level=INFO source=/Users/wenzhengfeng/code/go/lucky_project/dao/model_dao.go:114 msg="get model storage server success" layer=dao dao=ModelDAO method=GetStorageServersByID id=78 count=1
time=2026-02-11T19:42:27.737+08:00 level=INFO source=/Users/wenzhengfeng/code/go/lucky_project/dao/model_dao.go:299 msg="find models begin" layer=dao dao=ModelDAO method=FindAll page=1 page_size=10 name="" keyword="" storage_server="" task_type="" algorithm_id="" framework=""
time=2026-02-11T19:42:27.810+08:00 level=INFO source=/Users/wenzhengfeng/code/go/lucky_project/dao/model_dao.go:394 msg="find models success" layer=dao dao=ModelDAO method=FindAll total=30 returned=10
time=2026-02-11T19:42:27.810+08:00 level=INFO source=/Users/wenzhengfeng/code/go/lucky_project/dao/model_dao.go:299 msg="find models begin" layer=dao dao=ModelDAO method=FindAll page=0 page_size=0 name="" keyword="" storage_server="" task_type=detect algorithm_id=yolo_ultralytics framework=""
time=2026-02-11T19:42:27.884+08:00 level=INFO source=/Users/wenzhengfeng/code/go/lucky_project/dao/model_dao.go:394 msg="find models success" layer=dao dao=ModelDAO method=FindAll total=17 returned=10
time=2026-02-11T19:42:27.885+08:00 level=INFO source=/Users/wenzhengfeng/code/go/lucky_project/dao/model_dao.go:299 msg="find models begin" layer=dao dao=ModelDAO method=FindAll page=0 page_size=0 name="" keyword="" storage_server="" task_type="" algorithm_id="" framework=""
time=2026-02-11T19:42:27.939+08:00 level=INFO source=/Users/wenzhengfeng/code/go/lucky_project/dao/model_dao.go:394 msg="find models success" layer=dao dao=ModelDAO method=FindAll total=30 returned=10
time=2026-02-11T19:42:27.944+08:00 level=INFO source=/Users/wenzhengfeng/code/go/lucky_project/dao/training_result_dao.go:32 msg="save training result begin" layer=dao dao=TrainingResultDAO method=Save model_id=1 dataset_id=1
time=2026-02-11T19:42:28.036+08:00 level=INFO source=/Users/wenzhengfeng/code/go/lucky_project/dao/training_result_dao.go:43 msg="save training result success" layer=dao dao=TrainingResultDAO method=Save id=31
time=2026-02-11T19:42:28.036+08:00 level=INFO source=/Users/wenzhengfeng/code/go/lucky_project/dao/training_result_dao.go:77 msg="find training results begin" layer=dao dao=TrainingResultDAO method=FindAll page=0 page_size=0 training_model_id=<nil> training_dataset_id=<nil> training_status=0x1400059c2d8
time=2026-02-11T19:42:28.108+08:00 level=INFO source=/Users/wenzhengfeng/code/go/lucky_project/dao/training_result_dao.go:119 msg="find training results success" layer=dao dao=TrainingResultDAO method=FindAll total=31 returned=10
time=2026-02-11T20:25:56.169+08:00 level=INFO source=/Users/wenzhengfeng/code/go/lucky_project/config/log.go:71 msg=日志系统初始化成功
time=2026-02-11T20:25:56.645+08:00 level=INFO source=/Users/wenzhengfeng/code/go/lucky_project/dao/model_dao.go:22 msg="init model dao" layer=dao dao=ModelDAO method=NewModelDAO
time=2026-02-11T20:25:56.645+08:00 level=INFO source=/Users/wenzhengfeng/code/go/lucky_project/dao/model_dao.go:35 msg="save model begin" layer=dao dao=ModelDAO method=Save name=unittest_model_1770812756645083000 version=1
time=2026-02-11T20:25:56.729+08:00 level=INFO source=/Users/wenzhengfeng/code/go/lucky_project/config/log.go:71 msg=日志系统初始化成功
time=2026-02-11T20:25:56.783+08:00 level=INFO source=/Users/wenzhengfeng/code/go/lucky_project/dao/model_dao.go:87 msg="save model success" layer=dao dao=ModelDAO method=Save id=85 name=unittest_model_1770812756645083000 version=1
time=2026-02-11T20:25:56.783+08:00 level=INFO source=/Users/wenzhengfeng/code/go/lucky_project/dao/model_dao.go:22 msg="init model dao" layer=dao dao=ModelDAO method=NewModelDAO
time=2026-02-11T20:25:56.783+08:00 level=INFO source=/Users/wenzhengfeng/code/go/lucky_project/dao/model_dao.go:35 msg="save model begin" layer=dao dao=ModelDAO method=Save name=unittest_model_1770812756783126000 version=1
time=2026-02-11T20:25:56.882+08:00 level=INFO source=/Users/wenzhengfeng/code/go/lucky_project/dao/model_dao.go:87 msg="save model success" layer=dao dao=ModelDAO method=Save id=86 name=unittest_model_1770812756783126000 version=1
time=2026-02-11T20:25:56.882+08:00 level=INFO source=/Users/wenzhengfeng/code/go/lucky_project/dao/model_dao.go:250 msg="delete model begin" layer=dao dao=ModelDAO method=DeleteByID id=86
time=2026-02-11T20:25:57.067+08:00 level=INFO source=/Users/wenzhengfeng/code/go/lucky_project/dao/model_dao.go:268 msg="delete model success" layer=dao dao=ModelDAO method=DeleteByID id=86
time=2026-02-11T20:25:57.067+08:00 level=INFO source=/Users/wenzhengfeng/code/go/lucky_project/dao/model_dao.go:310 msg="find model by id begin" layer=dao dao=ModelDAO method=FindByID id=86
time=2026-02-11T20:25:57.105+08:00 level=ERROR source=/Users/wenzhengfeng/code/go/lucky_project/dao/model_dao.go:321 msg="find model by id failed: db query" layer=dao dao=ModelDAO method=FindByID id=86 error="record not found"
time=2026-02-11T20:25:57.139+08:00 level=INFO source=/Users/wenzhengfeng/code/go/lucky_project/dao/model_dao.go:22 msg="init model dao" layer=dao dao=ModelDAO method=NewModelDAO
time=2026-02-11T20:25:57.139+08:00 level=INFO source=/Users/wenzhengfeng/code/go/lucky_project/dao/dataset_dao.go:19 msg="init dataset dao" layer=dao dao=DatasetDAO method=NewDatasetDAO
time=2026-02-11T20:25:57.139+08:00 level=INFO source=/Users/wenzhengfeng/code/go/lucky_project/dao/training_result_dao.go:19 msg="init training result dao" layer=dao dao=TrainingResultDAO method=NewTrainingResultDAO
time=2026-02-11T20:25:57.140+08:00 level=INFO source=/Users/wenzhengfeng/code/go/lucky_project/dao/model_dao.go:22 msg="init model dao" layer=dao dao=ModelDAO method=NewModelDAO
time=2026-02-11T20:25:57.140+08:00 level=INFO source=/Users/wenzhengfeng/code/go/lucky_project/dao/dataset_dao.go:19 msg="init dataset dao" layer=dao dao=DatasetDAO method=NewDatasetDAO
time=2026-02-11T20:25:57.140+08:00 level=INFO source=/Users/wenzhengfeng/code/go/lucky_project/dao/model_dao.go:35 msg="save model begin" layer=dao dao=ModelDAO method=Save name=TestModel_1770812757140207000 version=1
time=2026-02-11T20:25:57.182+08:00 level=INFO source=/Users/wenzhengfeng/code/go/lucky_project/dao/model_dao.go:22 msg="init model dao" layer=dao dao=ModelDAO method=NewModelDAO
time=2026-02-11T20:25:57.182+08:00 level=WARN source=/Users/wenzhengfeng/code/go/lucky_project/dao/model_dao.go:247 msg="delete model skipped: invalid id" layer=dao dao=ModelDAO method=DeleteByID id=0
time=2026-02-11T20:25:57.182+08:00 level=INFO source=/Users/wenzhengfeng/code/go/lucky_project/dao/model_dao.go:22 msg="init model dao" layer=dao dao=ModelDAO method=NewModelDAO
time=2026-02-11T20:25:57.182+08:00 level=WARN source=/Users/wenzhengfeng/code/go/lucky_project/dao/model_dao.go:32 msg="save model skipped: model is nil" layer=dao dao=ModelDAO method=Save
time=2026-02-11T20:25:57.182+08:00 level=INFO source=/Users/wenzhengfeng/code/go/lucky_project/dao/model_dao.go:22 msg="init model dao" layer=dao dao=ModelDAO method=NewModelDAO
time=2026-02-11T20:25:57.182+08:00 level=INFO source=/Users/wenzhengfeng/code/go/lucky_project/dao/model_dao.go:35 msg="save model begin" layer=dao dao=ModelDAO method=Save name=unittest_dup_model_1770812757182788000 version=1
time=2026-02-11T20:25:57.254+08:00 level=INFO source=/Users/wenzhengfeng/code/go/lucky_project/dao/model_dao.go:87 msg="save model success" layer=dao dao=ModelDAO method=Save id=87 name=TestModel_1770812757140207000 version=1
time=2026-02-11T20:25:57.255+08:00 level=INFO source=/Users/wenzhengfeng/code/go/lucky_project/dao/model_dao.go:35 msg="save model begin" layer=dao dao=ModelDAO method=Save name=DupModel_1770812757255068000 version=1
time=2026-02-11T20:25:57.281+08:00 level=INFO source=/Users/wenzhengfeng/code/go/lucky_project/dao/model_dao.go:87 msg="save model success" layer=dao dao=ModelDAO method=Save id=88 name=unittest_dup_model_1770812757182788000 version=1
time=2026-02-11T20:25:57.281+08:00 level=INFO source=/Users/wenzhengfeng/code/go/lucky_project/dao/model_dao.go:35 msg="save model begin" layer=dao dao=ModelDAO method=Save name=unittest_dup_model_1770812757182788000 version=1
time=2026-02-11T20:25:57.335+08:00 level=INFO source=/Users/wenzhengfeng/code/go/lucky_project/dao/model_dao.go:87 msg="save model success" layer=dao dao=ModelDAO method=Save id=89 name=DupModel_1770812757255068000 version=1
time=2026-02-11T20:25:57.335+08:00 level=INFO source=/Users/wenzhengfeng/code/go/lucky_project/dao/model_dao.go:35 msg="save model begin" layer=dao dao=ModelDAO method=Save name=DupModel_1770812757255068000 version=1
time=2026-02-11T20:25:57.378+08:00 level=INFO source=/Users/wenzhengfeng/code/go/lucky_project/dao/model_dao.go:87 msg="save model success" layer=dao dao=ModelDAO method=Save id=88 name=unittest_dup_model_1770812757182788000 version=1
time=2026-02-11T20:25:57.378+08:00 level=INFO source=/Users/wenzhengfeng/code/go/lucky_project/dao/model_dao.go:310 msg="find model by id begin" layer=dao dao=ModelDAO method=FindByID id=88
time=2026-02-11T20:25:57.397+08:00 level=INFO source=/Users/wenzhengfeng/code/go/lucky_project/dao/model_dao.go:324 msg="find model by id success" layer=dao dao=ModelDAO method=FindByID id=88 name=unittest_dup_model_1770812757182788000
time=2026-02-11T20:25:57.414+08:00 level=INFO source=/Users/wenzhengfeng/code/go/lucky_project/dao/model_dao.go:87 msg="save model success" layer=dao dao=ModelDAO method=Save id=89 name=DupModel_1770812757255068000 version=1
time=2026-02-11T20:25:57.414+08:00 level=INFO source=/Users/wenzhengfeng/code/go/lucky_project/dao/model_dao.go:35 msg="save model begin" layer=dao dao=ModelDAO method=Save name=PatchModel_1770812757414925000 version=1
time=2026-02-11T20:25:57.580+08:00 level=INFO source=/Users/wenzhengfeng/code/go/lucky_project/dao/model_dao.go:87 msg="save model success" layer=dao dao=ModelDAO method=Save id=92 name=PatchModel_1770812757414925000 version=1
time=2026-02-11T20:25:57.629+08:00 level=INFO source=/Users/wenzhengfeng/code/go/lucky_project/dao/model_dao.go:22 msg="init model dao" layer=dao dao=ModelDAO method=NewModelDAO
time=2026-02-11T20:25:57.629+08:00 level=INFO source=/Users/wenzhengfeng/code/go/lucky_project/dao/model_dao.go:35 msg="save model begin" layer=dao dao=ModelDAO method=Save name=unittest_model_1770812757629579000 version=1
time=2026-02-11T20:25:57.711+08:00 level=INFO source=/Users/wenzhengfeng/code/go/lucky_project/dao/model_dao.go:498 msg="update model metadata success" layer=dao dao=ModelDAO method=UpdateMetadataByID id=92 updated_fields=12
time=2026-02-11T20:25:57.711+08:00 level=INFO source=/Users/wenzhengfeng/code/go/lucky_project/dao/model_dao.go:35 msg="save model begin" layer=dao dao=ModelDAO method=Save name=DownloadModel_1770812757711229000 version=1
time=2026-02-11T20:25:57.728+08:00 level=INFO source=/Users/wenzhengfeng/code/go/lucky_project/dao/model_dao.go:87 msg="save model success" layer=dao dao=ModelDAO method=Save id=93 name=unittest_model_1770812757629579000 version=1
time=2026-02-11T20:25:57.793+08:00 level=INFO source=/Users/wenzhengfeng/code/go/lucky_project/dao/model_dao.go:87 msg="save model success" layer=dao dao=ModelDAO method=Save id=94 name=DownloadModel_1770812757711229000 version=1
time=2026-02-11T20:25:57.794+08:00 level=INFO source=/Users/wenzhengfeng/code/go/lucky_project/dao/model_dao.go:310 msg="find model by id begin" layer=dao dao=ModelDAO method=FindByID id=94
time=2026-02-11T20:25:57.809+08:00 level=INFO source=/Users/wenzhengfeng/code/go/lucky_project/dao/model_dao.go:324 msg="find model by id success" layer=dao dao=ModelDAO method=FindByID id=94 name=DownloadModel_1770812757711229000
time=2026-02-11T20:25:57.841+08:00 level=INFO source=/Users/wenzhengfeng/code/go/lucky_project/dao/model_dao.go:204 msg="find model weight_name success" layer=dao dao=ModelDAO method=FindWeightNameByID id=94 weight_name=download_model_1770812757711229000.pt
time=2026-02-11T20:25:57.864+08:00 level=INFO source=/Users/wenzhengfeng/code/go/lucky_project/dao/model_dao.go:498 msg="update model metadata success" layer=dao dao=ModelDAO method=UpdateMetadataByID id=93 updated_fields=4
time=2026-02-11T20:25:57.874+08:00 level=INFO source=/Users/wenzhengfeng/code/go/lucky_project/dao/model_dao.go:114 msg="get model storage server success" layer=dao dao=ModelDAO method=GetStorageServersByID id=94 count=1
time=2026-02-11T20:25:57.878+08:00 level=INFO source=/Users/wenzhengfeng/code/go/lucky_project/dao/model_dao.go:360 msg="find models begin" layer=dao dao=ModelDAO method=FindAll page=1 page_size=10 name="" keyword="" storage_server="" task_type="" algorithm_id="" framework=""
time=2026-02-11T20:25:57.941+08:00 level=INFO source=/Users/wenzhengfeng/code/go/lucky_project/dao/model_dao.go:455 msg="find models success" layer=dao dao=ModelDAO method=FindAll total=42 returned=10
time=2026-02-11T20:25:57.941+08:00 level=INFO source=/Users/wenzhengfeng/code/go/lucky_project/dao/model_dao.go:22 msg="init model dao" layer=dao dao=ModelDAO method=NewModelDAO
time=2026-02-11T20:25:57.942+08:00 level=WARN source=/Users/wenzhengfeng/code/go/lucky_project/dao/model_dao.go:463 msg="update model metadata skipped: invalid id" layer=dao dao=ModelDAO method=UpdateMetadataByID id=0
time=2026-02-11T20:25:57.942+08:00 level=INFO source=/Users/wenzhengfeng/code/go/lucky_project/dao/model_dao.go:360 msg="find models begin" layer=dao dao=ModelDAO method=FindAll page=0 page_size=0 name="" keyword="" storage_server="" task_type=detect algorithm_id=yolo_ultralytics framework=""
time=2026-02-11T20:25:58.087+08:00 level=INFO source=/Users/wenzhengfeng/code/go/lucky_project/dao/model_dao.go:455 msg="find models success" layer=dao dao=ModelDAO method=FindAll total=20 returned=10
time=2026-02-11T20:25:58.087+08:00 level=INFO source=/Users/wenzhengfeng/code/go/lucky_project/dao/model_dao.go:360 msg="find models begin" layer=dao dao=ModelDAO method=FindAll page=0 page_size=0 name="" keyword="" storage_server="" task_type="" algorithm_id="" framework=""
time=2026-02-11T20:25:58.133+08:00 level=INFO source=/Users/wenzhengfeng/code/go/lucky_project/dao/model_dao.go:455 msg="find models success" layer=dao dao=ModelDAO method=FindAll total=41 returned=10
time=2026-02-11T20:25:58.214+08:00 level=INFO source=/Users/wenzhengfeng/code/go/lucky_project/dao/model_dao.go:239 msg="update model weight size success" layer=dao dao=ModelDAO method=UpdateWeightSizeByWeightName weight_name=test_model.pt weight_size_mb=0 rows_affected=0
time=2026-02-11T20:25:58.280+08:00 level=INFO source=/Users/wenzhengfeng/code/go/lucky_project/dao/model_dao.go:239 msg="update model weight size success" layer=dao dao=ModelDAO method=UpdateWeightSizeByWeightName weight_name=default_model.pt weight_size_mb=0 rows_affected=0
time=2026-02-11T20:25:58.344+08:00 level=INFO source=/Users/wenzhengfeng/code/go/lucky_project/dao/model_dao.go:239 msg="update model weight size success" layer=dao dao=ModelDAO method=UpdateWeightSizeByWeightName weight_name=duplicate_model.pt weight_size_mb=0 rows_affected=0
time=2026-02-11T20:25:58.405+08:00 level=INFO source=/Users/wenzhengfeng/code/go/lucky_project/dao/model_dao.go:239 msg="update model weight size success" layer=dao dao=ModelDAO method=UpdateWeightSizeByWeightName weight_name=duplicate_model.pt weight_size_mb=0 rows_affected=0
time=2026-02-11T20:25:58.407+08:00 level=INFO source=/Users/wenzhengfeng/code/go/lucky_project/dao/model_dao.go:35 msg="save model begin" layer=dao dao=ModelDAO method=Save name=SyncSizeModel_1770812758407575000 version=1
time=2026-02-11T20:25:58.487+08:00 level=INFO source=/Users/wenzhengfeng/code/go/lucky_project/dao/model_dao.go:87 msg="save model success" layer=dao dao=ModelDAO method=Save id=95 name=SyncSizeModel_1770812758407575000 version=1
time=2026-02-11T20:25:58.627+08:00 level=INFO source=/Users/wenzhengfeng/code/go/lucky_project/dao/model_dao.go:239 msg="update model weight size success" layer=dao dao=ModelDAO method=UpdateWeightSizeByWeightName weight_name=file. weight_size_mb=0 rows_affected=0
time=2026-02-11T20:25:58.627+08:00 level=INFO source=/Users/wenzhengfeng/code/go/lucky_project/dao/model_dao.go:22 msg="init model dao" layer=dao dao=ModelDAO method=NewModelDAO
time=2026-02-11T20:25:58.627+08:00 level=INFO source=/Users/wenzhengfeng/code/go/lucky_project/dao/model_dao.go:310 msg="find model by id begin" layer=dao dao=ModelDAO method=FindByID id=95
time=2026-02-11T20:25:58.643+08:00 level=INFO source=/Users/wenzhengfeng/code/go/lucky_project/dao/model_dao.go:324 msg="find model by id success" layer=dao dao=ModelDAO method=FindByID id=95 name=SyncSizeModel_1770812758407575000
time=2026-02-11T20:25:58.643+08:00 level=INFO source=/Users/wenzhengfeng/code/go/lucky_project/dao/model_dao.go:35 msg="save model begin" layer=dao dao=ModelDAO method=Save name=DeleteByNameModel_1770812758643652000 version=1
time=2026-02-11T20:25:58.726+08:00 level=INFO source=/Users/wenzhengfeng/code/go/lucky_project/dao/model_dao.go:87 msg="save model success" layer=dao dao=ModelDAO method=Save id=96 name=DeleteByNameModel_1770812758643652000 version=1
time=2026-02-11T20:25:58.727+08:00 level=INFO source=/Users/wenzhengfeng/code/go/lucky_project/dao/model_dao.go:281 msg="delete model by weight_name begin" layer=dao dao=ModelDAO method=DeleteByWeightName weight_name=delete_by_name_1770812758643651000.pt
time=2026-02-11T20:25:58.808+08:00 level=INFO source=/Users/wenzhengfeng/code/go/lucky_project/dao/model_dao.go:299 msg="delete model by weight_name success" layer=dao dao=ModelDAO method=DeleteByWeightName weight_name=delete_by_name_1770812758643651000.pt rows_affected=1
time=2026-02-11T20:25:58.808+08:00 level=INFO source=/Users/wenzhengfeng/code/go/lucky_project/dao/model_dao.go:22 msg="init model dao" layer=dao dao=ModelDAO method=NewModelDAO
time=2026-02-11T20:25:58.808+08:00 level=INFO source=/Users/wenzhengfeng/code/go/lucky_project/dao/model_dao.go:310 msg="find model by id begin" layer=dao dao=ModelDAO method=FindByID id=96
time=2026-02-11T20:25:58.823+08:00 level=ERROR source=/Users/wenzhengfeng/code/go/lucky_project/dao/model_dao.go:321 msg="find model by id failed: db query" layer=dao dao=ModelDAO method=FindByID id=96 error="record not found"
time=2026-02-11T20:26:34.381+08:00 level=INFO source=/Users/wenzhengfeng/code/go/lucky_project/config/log.go:71 msg=日志系统初始化成功
time=2026-02-11T20:26:34.822+08:00 level=INFO source=/Users/wenzhengfeng/code/go/lucky_project/dao/model_dao.go:22 msg="init model dao" layer=dao dao=ModelDAO method=NewModelDAO
time=2026-02-11T20:26:34.822+08:00 level=INFO source=/Users/wenzhengfeng/code/go/lucky_project/dao/dataset_dao.go:19 msg="init dataset dao" layer=dao dao=DatasetDAO method=NewDatasetDAO
time=2026-02-11T20:26:34.822+08:00 level=INFO source=/Users/wenzhengfeng/code/go/lucky_project/dao/training_result_dao.go:19 msg="init training result dao" layer=dao dao=TrainingResultDAO method=NewTrainingResultDAO
time=2026-02-11T20:26:34.822+08:00 level=INFO source=/Users/wenzhengfeng/code/go/lucky_project/dao/model_dao.go:22 msg="init model dao" layer=dao dao=ModelDAO method=NewModelDAO
time=2026-02-11T20:26:34.822+08:00 level=INFO source=/Users/wenzhengfeng/code/go/lucky_project/dao/dataset_dao.go:19 msg="init dataset dao" layer=dao dao=DatasetDAO method=NewDatasetDAO
time=2026-02-11T20:26:34.823+08:00 level=INFO source=/Users/wenzhengfeng/code/go/lucky_project/dao/model_dao.go:35 msg="save model begin" layer=dao dao=ModelDAO method=Save name=TestModel_1770812794823124000 version=1
time=2026-02-11T20:26:34.948+08:00 level=INFO source=/Users/wenzhengfeng/code/go/lucky_project/dao/model_dao.go:87 msg="save model success" layer=dao dao=ModelDAO method=Save id=97 name=TestModel_1770812794823124000 version=1
time=2026-02-11T20:26:34.948+08:00 level=INFO source=/Users/wenzhengfeng/code/go/lucky_project/dao/model_dao.go:35 msg="save model begin" layer=dao dao=ModelDAO method=Save name=DupModel_1770812794948755000 version=1
time=2026-02-11T20:26:35.036+08:00 level=INFO source=/Users/wenzhengfeng/code/go/lucky_project/dao/model_dao.go:87 msg="save model success" layer=dao dao=ModelDAO method=Save id=98 name=DupModel_1770812794948755000 version=1
time=2026-02-11T20:26:35.036+08:00 level=INFO source=/Users/wenzhengfeng/code/go/lucky_project/dao/model_dao.go:35 msg="save model begin" layer=dao dao=ModelDAO method=Save name=DupModel_1770812794948755000 version=1
time=2026-02-11T20:26:35.125+08:00 level=INFO source=/Users/wenzhengfeng/code/go/lucky_project/dao/model_dao.go:87 msg="save model success" layer=dao dao=ModelDAO method=Save id=98 name=DupModel_1770812794948755000 version=1
time=2026-02-11T20:26:35.125+08:00 level=INFO source=/Users/wenzhengfeng/code/go/lucky_project/dao/model_dao.go:35 msg="save model begin" layer=dao dao=ModelDAO method=Save name=PatchModel_1770812795125511000 version=1
time=2026-02-11T20:26:35.309+08:00 level=INFO source=/Users/wenzhengfeng/code/go/lucky_project/dao/model_dao.go:87 msg="save model success" layer=dao dao=ModelDAO method=Save id=100 name=PatchModel_1770812795125511000 version=1
time=2026-02-11T20:26:35.453+08:00 level=INFO source=/Users/wenzhengfeng/code/go/lucky_project/dao/model_dao.go:498 msg="update model metadata success" layer=dao dao=ModelDAO method=UpdateMetadataByID id=100 updated_fields=12
time=2026-02-11T20:26:35.453+08:00 level=INFO source=/Users/wenzhengfeng/code/go/lucky_project/dao/model_dao.go:35 msg="save model begin" layer=dao dao=ModelDAO method=Save name=DownloadModel_1770812795453227000 version=1
time=2026-02-11T20:26:35.544+08:00 level=INFO source=/Users/wenzhengfeng/code/go/lucky_project/dao/model_dao.go:87 msg="save model success" layer=dao dao=ModelDAO method=Save id=101 name=DownloadModel_1770812795453227000 version=1
time=2026-02-11T20:26:35.544+08:00 level=INFO source=/Users/wenzhengfeng/code/go/lucky_project/dao/model_dao.go:310 msg="find model by id begin" layer=dao dao=ModelDAO method=FindByID id=101
time=2026-02-11T20:26:35.562+08:00 level=INFO source=/Users/wenzhengfeng/code/go/lucky_project/dao/model_dao.go:324 msg="find model by id success" layer=dao dao=ModelDAO method=FindByID id=101 name=DownloadModel_1770812795453227000
time=2026-02-11T20:26:35.598+08:00 level=INFO source=/Users/wenzhengfeng/code/go/lucky_project/dao/model_dao.go:204 msg="find model weight_name success" layer=dao dao=ModelDAO method=FindWeightNameByID id=101 weight_name=download_model_1770812795453226000.pt
time=2026-02-11T20:26:35.632+08:00 level=INFO source=/Users/wenzhengfeng/code/go/lucky_project/dao/model_dao.go:114 msg="get model storage server success" layer=dao dao=ModelDAO method=GetStorageServersByID id=101 count=1
time=2026-02-11T20:26:35.633+08:00 level=INFO source=/Users/wenzhengfeng/code/go/lucky_project/dao/model_dao.go:360 msg="find models begin" layer=dao dao=ModelDAO method=FindAll page=1 page_size=10 name="" keyword="" storage_server="" task_type="" algorithm_id="" framework=""
time=2026-02-11T20:26:35.704+08:00 level=INFO source=/Users/wenzhengfeng/code/go/lucky_project/dao/model_dao.go:455 msg="find models success" layer=dao dao=ModelDAO method=FindAll total=46 returned=10
time=2026-02-11T20:26:35.704+08:00 level=INFO source=/Users/wenzhengfeng/code/go/lucky_project/dao/model_dao.go:360 msg="find models begin" layer=dao dao=ModelDAO method=FindAll page=0 page_size=0 name="" keyword="" storage_server="" task_type=detect algorithm_id=yolo_ultralytics framework=""
time=2026-02-11T20:26:35.859+08:00 level=INFO source=/Users/wenzhengfeng/code/go/lucky_project/dao/model_dao.go:455 msg="find models success" layer=dao dao=ModelDAO method=FindAll total=22 returned=10
time=2026-02-11T20:26:35.859+08:00 level=INFO source=/Users/wenzhengfeng/code/go/lucky_project/dao/model_dao.go:360 msg="find models begin" layer=dao dao=ModelDAO method=FindAll page=0 page_size=0 name="" keyword="" storage_server="" task_type="" algorithm_id="" framework=""
time=2026-02-11T20:26:35.912+08:00 level=INFO source=/Users/wenzhengfeng/code/go/lucky_project/dao/model_dao.go:455 msg="find models success" layer=dao dao=ModelDAO method=FindAll total=46 returned=10
time=2026-02-11T20:26:36.001+08:00 level=INFO source=/Users/wenzhengfeng/code/go/lucky_project/dao/model_dao.go:239 msg="update model weight size success" layer=dao dao=ModelDAO method=UpdateWeightSizeByWeightName weight_name=test_model.pt weight_size_mb=0 rows_affected=0
time=2026-02-11T20:26:36.072+08:00 level=INFO source=/Users/wenzhengfeng/code/go/lucky_project/dao/model_dao.go:239 msg="update model weight size success" layer=dao dao=ModelDAO method=UpdateWeightSizeByWeightName weight_name=default_model.pt weight_size_mb=0 rows_affected=0
time=2026-02-11T20:26:36.142+08:00 level=INFO source=/Users/wenzhengfeng/code/go/lucky_project/dao/model_dao.go:239 msg="update model weight size success" layer=dao dao=ModelDAO method=UpdateWeightSizeByWeightName weight_name=duplicate_model.pt weight_size_mb=0 rows_affected=0
time=2026-02-11T20:26:36.211+08:00 level=INFO source=/Users/wenzhengfeng/code/go/lucky_project/dao/model_dao.go:239 msg="update model weight size success" layer=dao dao=ModelDAO method=UpdateWeightSizeByWeightName weight_name=duplicate_model.pt weight_size_mb=0 rows_affected=0
time=2026-02-11T20:26:36.212+08:00 level=INFO source=/Users/wenzhengfeng/code/go/lucky_project/dao/model_dao.go:35 msg="save model begin" layer=dao dao=ModelDAO method=Save name=SyncSizeModel_1770812796212455000 version=1
time=2026-02-11T20:26:36.385+08:00 level=INFO source=/Users/wenzhengfeng/code/go/lucky_project/dao/model_dao.go:87 msg="save model success" layer=dao dao=ModelDAO method=Save id=102 name=SyncSizeModel_1770812796212455000 version=1
time=2026-02-11T20:26:36.456+08:00 level=INFO source=/Users/wenzhengfeng/code/go/lucky_project/dao/model_dao.go:239 msg="update model weight size success" layer=dao dao=ModelDAO method=UpdateWeightSizeByWeightName weight_name=sync_size_1770812796212455000.onnx weight_size_mb=0 rows_affected=0
time=2026-02-11T20:26:36.456+08:00 level=INFO source=/Users/wenzhengfeng/code/go/lucky_project/dao/model_dao.go:22 msg="init model dao" layer=dao dao=ModelDAO method=NewModelDAO
time=2026-02-11T20:26:36.456+08:00 level=INFO source=/Users/wenzhengfeng/code/go/lucky_project/dao/model_dao.go:310 msg="find model by id begin" layer=dao dao=ModelDAO method=FindByID id=102
time=2026-02-11T20:26:36.473+08:00 level=INFO source=/Users/wenzhengfeng/code/go/lucky_project/dao/model_dao.go:324 msg="find model by id success" layer=dao dao=ModelDAO method=FindByID id=102 name=SyncSizeModel_1770812796212455000
time=2026-02-11T20:26:36.474+08:00 level=INFO source=/Users/wenzhengfeng/code/go/lucky_project/dao/model_dao.go:35 msg="save model begin" layer=dao dao=ModelDAO method=Save name=DeleteByNameModel_1770812796474163000 version=1
time=2026-02-11T20:26:36.562+08:00 level=INFO source=/Users/wenzhengfeng/code/go/lucky_project/dao/model_dao.go:87 msg="save model success" layer=dao dao=ModelDAO method=Save id=103 name=DeleteByNameModel_1770812796474163000 version=1
time=2026-02-11T20:26:36.562+08:00 level=INFO source=/Users/wenzhengfeng/code/go/lucky_project/dao/model_dao.go:281 msg="delete model by weight_name begin" layer=dao dao=ModelDAO method=DeleteByWeightName weight_name=delete_by_name_1770812796474163000.pt
time=2026-02-11T20:26:36.653+08:00 level=INFO source=/Users/wenzhengfeng/code/go/lucky_project/dao/model_dao.go:299 msg="delete model by weight_name success" layer=dao dao=ModelDAO method=DeleteByWeightName weight_name=delete_by_name_1770812796474163000.pt rows_affected=1
time=2026-02-11T20:26:36.653+08:00 level=INFO source=/Users/wenzhengfeng/code/go/lucky_project/dao/model_dao.go:22 msg="init model dao" layer=dao dao=ModelDAO method=NewModelDAO
time=2026-02-11T20:26:36.653+08:00 level=INFO source=/Users/wenzhengfeng/code/go/lucky_project/dao/model_dao.go:310 msg="find model by id begin" layer=dao dao=ModelDAO method=FindByID id=103
time=2026-02-11T20:26:36.670+08:00 level=ERROR source=/Users/wenzhengfeng/code/go/lucky_project/dao/model_dao.go:321 msg="find model by id failed: db query" layer=dao dao=ModelDAO method=FindByID id=103 error="record not found"
time=2026-02-11T20:27:15.889+08:00 level=INFO source=/Users/wenzhengfeng/code/go/lucky_project/config/log.go:71 msg=日志系统初始化成功
time=2026-02-11T20:27:16.353+08:00 level=INFO source=/Users/wenzhengfeng/code/go/lucky_project/dao/model_dao.go:22 msg="init model dao" layer=dao dao=ModelDAO method=NewModelDAO
time=2026-02-11T20:27:16.353+08:00 level=INFO source=/Users/wenzhengfeng/code/go/lucky_project/dao/dataset_dao.go:19 msg="init dataset dao" layer=dao dao=DatasetDAO method=NewDatasetDAO
time=2026-02-11T20:27:16.354+08:00 level=INFO source=/Users/wenzhengfeng/code/go/lucky_project/dao/training_result_dao.go:19 msg="init training result dao" layer=dao dao=TrainingResultDAO method=NewTrainingResultDAO
time=2026-02-11T20:27:16.354+08:00 level=INFO source=/Users/wenzhengfeng/code/go/lucky_project/dao/model_dao.go:22 msg="init model dao" layer=dao dao=ModelDAO method=NewModelDAO
time=2026-02-11T20:27:16.354+08:00 level=INFO source=/Users/wenzhengfeng/code/go/lucky_project/dao/dataset_dao.go:19 msg="init dataset dao" layer=dao dao=DatasetDAO method=NewDatasetDAO
time=2026-02-11T20:27:16.354+08:00 level=INFO source=/Users/wenzhengfeng/code/go/lucky_project/dao/model_dao.go:35 msg="save model begin" layer=dao dao=ModelDAO method=Save name=TestModel_1770812836354278000 version=1
time=2026-02-11T20:27:16.495+08:00 level=INFO source=/Users/wenzhengfeng/code/go/lucky_project/dao/model_dao.go:87 msg="save model success" layer=dao dao=ModelDAO method=Save id=104 name=TestModel_1770812836354278000 version=1
time=2026-02-11T20:27:16.495+08:00 level=INFO source=/Users/wenzhengfeng/code/go/lucky_project/dao/model_dao.go:35 msg="save model begin" layer=dao dao=ModelDAO method=Save name=DupModel_1770812836495391000 version=1
time=2026-02-11T20:27:16.598+08:00 level=INFO source=/Users/wenzhengfeng/code/go/lucky_project/dao/model_dao.go:87 msg="save model success" layer=dao dao=ModelDAO method=Save id=105 name=DupModel_1770812836495391000 version=1
time=2026-02-11T20:27:16.598+08:00 level=INFO source=/Users/wenzhengfeng/code/go/lucky_project/dao/model_dao.go:35 msg="save model begin" layer=dao dao=ModelDAO method=Save name=DupModel_1770812836495391000 version=1
time=2026-02-11T20:27:16.801+08:00 level=INFO source=/Users/wenzhengfeng/code/go/lucky_project/dao/model_dao.go:87 msg="save model success" layer=dao dao=ModelDAO method=Save id=105 name=DupModel_1770812836495391000 version=1
time=2026-02-11T20:27:16.801+08:00 level=INFO source=/Users/wenzhengfeng/code/go/lucky_project/dao/model_dao.go:35 msg="save model begin" layer=dao dao=ModelDAO method=Save name=PatchModel_1770812836801362000 version=1
time=2026-02-11T20:27:16.901+08:00 level=INFO source=/Users/wenzhengfeng/code/go/lucky_project/dao/model_dao.go:87 msg="save model success" layer=dao dao=ModelDAO method=Save id=107 name=PatchModel_1770812836801362000 version=1
time=2026-02-11T20:27:17.058+08:00 level=INFO source=/Users/wenzhengfeng/code/go/lucky_project/dao/model_dao.go:498 msg="update model metadata success" layer=dao dao=ModelDAO method=UpdateMetadataByID id=107 updated_fields=12
time=2026-02-11T20:27:17.058+08:00 level=INFO source=/Users/wenzhengfeng/code/go/lucky_project/dao/model_dao.go:35 msg="save model begin" layer=dao dao=ModelDAO method=Save name=DownloadModel_1770812837058434000 version=1
time=2026-02-11T20:27:17.242+08:00 level=INFO source=/Users/wenzhengfeng/code/go/lucky_project/dao/model_dao.go:87 msg="save model success" layer=dao dao=ModelDAO method=Save id=108 name=DownloadModel_1770812837058434000 version=1
time=2026-02-11T20:27:17.243+08:00 level=INFO source=/Users/wenzhengfeng/code/go/lucky_project/dao/model_dao.go:310 msg="find model by id begin" layer=dao dao=ModelDAO method=FindByID id=108
time=2026-02-11T20:27:17.262+08:00 level=INFO source=/Users/wenzhengfeng/code/go/lucky_project/dao/model_dao.go:324 msg="find model by id success" layer=dao dao=ModelDAO method=FindByID id=108 name=DownloadModel_1770812837058434000
time=2026-02-11T20:27:17.302+08:00 level=INFO source=/Users/wenzhengfeng/code/go/lucky_project/dao/model_dao.go:204 msg="find model weight_name success" layer=dao dao=ModelDAO method=FindWeightNameByID id=108 weight_name=download_model_1770812837058433000.pt
time=2026-02-11T20:27:17.341+08:00 level=INFO source=/Users/wenzhengfeng/code/go/lucky_project/dao/model_dao.go:114 msg="get model storage server success" layer=dao dao=ModelDAO method=GetStorageServersByID id=108 count=1
time=2026-02-11T20:27:17.342+08:00 level=INFO source=/Users/wenzhengfeng/code/go/lucky_project/dao/model_dao.go:360 msg="find models begin" layer=dao dao=ModelDAO method=FindAll page=1 page_size=10 name="" keyword="" storage_server="" task_type="" algorithm_id="" framework=""
time=2026-02-11T20:27:17.421+08:00 level=INFO source=/Users/wenzhengfeng/code/go/lucky_project/dao/model_dao.go:455 msg="find models success" layer=dao dao=ModelDAO method=FindAll total=51 returned=10
time=2026-02-11T20:27:17.422+08:00 level=INFO source=/Users/wenzhengfeng/code/go/lucky_project/dao/model_dao.go:360 msg="find models begin" layer=dao dao=ModelDAO method=FindAll page=0 page_size=0 name="" keyword="" storage_server="" task_type=detect algorithm_id=yolo_ultralytics framework=""
time=2026-02-11T20:27:17.502+08:00 level=INFO source=/Users/wenzhengfeng/code/go/lucky_project/dao/model_dao.go:455 msg="find models success" layer=dao dao=ModelDAO method=FindAll total=24 returned=10
time=2026-02-11T20:27:17.502+08:00 level=INFO source=/Users/wenzhengfeng/code/go/lucky_project/dao/model_dao.go:360 msg="find models begin" layer=dao dao=ModelDAO method=FindAll page=0 page_size=0 name="" keyword="" storage_server="" task_type="" algorithm_id="" framework=""
time=2026-02-11T20:27:17.564+08:00 level=INFO source=/Users/wenzhengfeng/code/go/lucky_project/dao/model_dao.go:455 msg="find models success" layer=dao dao=ModelDAO method=FindAll total=51 returned=10
time=2026-02-11T20:27:17.749+08:00 level=INFO source=/Users/wenzhengfeng/code/go/lucky_project/dao/model_dao.go:239 msg="update model weight size success" layer=dao dao=ModelDAO method=UpdateWeightSizeByWeightName weight_name=test_model.pt weight_size_mb=0 rows_affected=0
time=2026-02-11T20:27:17.830+08:00 level=INFO source=/Users/wenzhengfeng/code/go/lucky_project/dao/model_dao.go:239 msg="update model weight size success" layer=dao dao=ModelDAO method=UpdateWeightSizeByWeightName weight_name=default_model.pt weight_size_mb=0 rows_affected=0
time=2026-02-11T20:27:17.909+08:00 level=INFO source=/Users/wenzhengfeng/code/go/lucky_project/dao/model_dao.go:239 msg="update model weight size success" layer=dao dao=ModelDAO method=UpdateWeightSizeByWeightName weight_name=duplicate_model.pt weight_size_mb=0 rows_affected=0
time=2026-02-11T20:27:17.989+08:00 level=INFO source=/Users/wenzhengfeng/code/go/lucky_project/dao/model_dao.go:239 msg="update model weight size success" layer=dao dao=ModelDAO method=UpdateWeightSizeByWeightName weight_name=duplicate_model.pt weight_size_mb=0 rows_affected=0
time=2026-02-11T20:27:17.990+08:00 level=INFO source=/Users/wenzhengfeng/code/go/lucky_project/dao/model_dao.go:35 msg="save model begin" layer=dao dao=ModelDAO method=Save name=SyncSizeModel_1770812837990710000 version=1
time=2026-02-11T20:27:18.087+08:00 level=INFO source=/Users/wenzhengfeng/code/go/lucky_project/dao/model_dao.go:87 msg="save model success" layer=dao dao=ModelDAO method=Save id=109 name=SyncSizeModel_1770812837990710000 version=1
time=2026-02-11T20:27:18.170+08:00 level=INFO source=/Users/wenzhengfeng/code/go/lucky_project/dao/model_dao.go:239 msg="update model weight size success" layer=dao dao=ModelDAO method=UpdateWeightSizeByWeightName weight_name=sync_size_1770812837990710000.onnx weight_size_mb=2 rows_affected=1
time=2026-02-11T20:27:18.170+08:00 level=INFO source=/Users/wenzhengfeng/code/go/lucky_project/dao/model_dao.go:22 msg="init model dao" layer=dao dao=ModelDAO method=NewModelDAO
time=2026-02-11T20:27:18.170+08:00 level=INFO source=/Users/wenzhengfeng/code/go/lucky_project/dao/model_dao.go:310 msg="find model by id begin" layer=dao dao=ModelDAO method=FindByID id=109
time=2026-02-11T20:27:18.273+08:00 level=INFO source=/Users/wenzhengfeng/code/go/lucky_project/dao/model_dao.go:324 msg="find model by id success" layer=dao dao=ModelDAO method=FindByID id=109 name=SyncSizeModel_1770812837990710000
time=2026-02-11T20:27:18.273+08:00 level=INFO source=/Users/wenzhengfeng/code/go/lucky_project/dao/model_dao.go:35 msg="save model begin" layer=dao dao=ModelDAO method=Save name=DeleteByNameModel_1770812838273729000 version=1
time=2026-02-11T20:27:18.375+08:00 level=INFO source=/Users/wenzhengfeng/code/go/lucky_project/dao/model_dao.go:87 msg="save model success" layer=dao dao=ModelDAO method=Save id=110 name=DeleteByNameModel_1770812838273729000 version=1
time=2026-02-11T20:27:18.375+08:00 level=INFO source=/Users/wenzhengfeng/code/go/lucky_project/dao/model_dao.go:281 msg="delete model by weight_name begin" layer=dao dao=ModelDAO method=DeleteByWeightName weight_name=delete_by_name_1770812838273728000.pt
time=2026-02-11T20:27:18.476+08:00 level=INFO source=/Users/wenzhengfeng/code/go/lucky_project/dao/model_dao.go:299 msg="delete model by weight_name success" layer=dao dao=ModelDAO method=DeleteByWeightName weight_name=delete_by_name_1770812838273728000.pt rows_affected=1
time=2026-02-11T20:27:18.476+08:00 level=INFO source=/Users/wenzhengfeng/code/go/lucky_project/dao/model_dao.go:22 msg="init model dao" layer=dao dao=ModelDAO method=NewModelDAO
time=2026-02-11T20:27:18.476+08:00 level=INFO source=/Users/wenzhengfeng/code/go/lucky_project/dao/model_dao.go:310 msg="find model by id begin" layer=dao dao=ModelDAO method=FindByID id=110
time=2026-02-11T20:27:18.495+08:00 level=ERROR source=/Users/wenzhengfeng/code/go/lucky_project/dao/model_dao.go:321 msg="find model by id failed: db query" layer=dao dao=ModelDAO method=FindByID id=110 error="record not found"
time=2026-02-11T20:27:22.720+08:00 level=INFO source=/Users/wenzhengfeng/code/go/lucky_project/config/log.go:71 msg=日志系统初始化成功
time=2026-02-11T20:27:23.139+08:00 level=INFO source=/Users/wenzhengfeng/code/go/lucky_project/dao/model_dao.go:22 msg="init model dao" layer=dao dao=ModelDAO method=NewModelDAO
time=2026-02-11T20:27:23.139+08:00 level=INFO source=/Users/wenzhengfeng/code/go/lucky_project/dao/model_dao.go:35 msg="save model begin" layer=dao dao=ModelDAO method=Save name=unittest_model_1770812843139911000 version=1
time=2026-02-11T20:27:23.209+08:00 level=INFO source=/Users/wenzhengfeng/code/go/lucky_project/config/log.go:71 msg=日志系统初始化成功
time=2026-02-11T20:27:23.256+08:00 level=INFO source=/Users/wenzhengfeng/code/go/lucky_project/dao/model_dao.go:87 msg="save model success" layer=dao dao=ModelDAO method=Save id=111 name=unittest_model_1770812843139911000 version=1
time=2026-02-11T20:27:23.256+08:00 level=INFO source=/Users/wenzhengfeng/code/go/lucky_project/dao/model_dao.go:22 msg="init model dao" layer=dao dao=ModelDAO method=NewModelDAO
time=2026-02-11T20:27:23.256+08:00 level=INFO source=/Users/wenzhengfeng/code/go/lucky_project/dao/model_dao.go:35 msg="save model begin" layer=dao dao=ModelDAO method=Save name=unittest_model_1770812843256418000 version=1
time=2026-02-11T20:27:23.341+08:00 level=INFO source=/Users/wenzhengfeng/code/go/lucky_project/dao/model_dao.go:87 msg="save model success" layer=dao dao=ModelDAO method=Save id=112 name=unittest_model_1770812843256418000 version=1
time=2026-02-11T20:27:23.341+08:00 level=INFO source=/Users/wenzhengfeng/code/go/lucky_project/dao/model_dao.go:250 msg="delete model begin" layer=dao dao=ModelDAO method=DeleteByID id=112
time=2026-02-11T20:27:23.424+08:00 level=INFO source=/Users/wenzhengfeng/code/go/lucky_project/dao/model_dao.go:268 msg="delete model success" layer=dao dao=ModelDAO method=DeleteByID id=112
time=2026-02-11T20:27:23.424+08:00 level=INFO source=/Users/wenzhengfeng/code/go/lucky_project/dao/model_dao.go:310 msg="find model by id begin" layer=dao dao=ModelDAO method=FindByID id=112
time=2026-02-11T20:27:23.530+08:00 level=ERROR source=/Users/wenzhengfeng/code/go/lucky_project/dao/model_dao.go:321 msg="find model by id failed: db query" layer=dao dao=ModelDAO method=FindByID id=112 error="record not found"
time=2026-02-11T20:27:23.593+08:00 level=INFO source=/Users/wenzhengfeng/code/go/lucky_project/dao/model_dao.go:22 msg="init model dao" layer=dao dao=ModelDAO method=NewModelDAO
time=2026-02-11T20:27:23.593+08:00 level=INFO source=/Users/wenzhengfeng/code/go/lucky_project/dao/model_dao.go:22 msg="init model dao" layer=dao dao=ModelDAO method=NewModelDAO
time=2026-02-11T20:27:23.593+08:00 level=INFO source=/Users/wenzhengfeng/code/go/lucky_project/dao/dataset_dao.go:19 msg="init dataset dao" layer=dao dao=DatasetDAO method=NewDatasetDAO
time=2026-02-11T20:27:23.593+08:00 level=WARN source=/Users/wenzhengfeng/code/go/lucky_project/dao/model_dao.go:247 msg="delete model skipped: invalid id" layer=dao dao=ModelDAO method=DeleteByID id=0
time=2026-02-11T20:27:23.593+08:00 level=INFO source=/Users/wenzhengfeng/code/go/lucky_project/dao/model_dao.go:22 msg="init model dao" layer=dao dao=ModelDAO method=NewModelDAO
time=2026-02-11T20:27:23.593+08:00 level=INFO source=/Users/wenzhengfeng/code/go/lucky_project/dao/training_result_dao.go:19 msg="init training result dao" layer=dao dao=TrainingResultDAO method=NewTrainingResultDAO
time=2026-02-11T20:27:23.593+08:00 level=WARN source=/Users/wenzhengfeng/code/go/lucky_project/dao/model_dao.go:32 msg="save model skipped: model is nil" layer=dao dao=ModelDAO method=Save
time=2026-02-11T20:27:23.593+08:00 level=INFO source=/Users/wenzhengfeng/code/go/lucky_project/dao/model_dao.go:22 msg="init model dao" layer=dao dao=ModelDAO method=NewModelDAO
time=2026-02-11T20:27:23.593+08:00 level=INFO source=/Users/wenzhengfeng/code/go/lucky_project/dao/model_dao.go:22 msg="init model dao" layer=dao dao=ModelDAO method=NewModelDAO
time=2026-02-11T20:27:23.593+08:00 level=INFO source=/Users/wenzhengfeng/code/go/lucky_project/dao/dataset_dao.go:19 msg="init dataset dao" layer=dao dao=DatasetDAO method=NewDatasetDAO
time=2026-02-11T20:27:23.593+08:00 level=INFO source=/Users/wenzhengfeng/code/go/lucky_project/dao/model_dao.go:35 msg="save model begin" layer=dao dao=ModelDAO method=Save name=unittest_dup_model_1770812843593522000 version=1
time=2026-02-11T20:27:23.593+08:00 level=INFO source=/Users/wenzhengfeng/code/go/lucky_project/dao/dataset_dao.go:32 msg="save dataset begin" layer=dao dao=DatasetDAO method=Save name=TestDataset_1770812843593704000
time=2026-02-11T20:27:23.674+08:00 level=INFO source=/Users/wenzhengfeng/code/go/lucky_project/dao/dataset_dao.go:59 msg="save dataset success" layer=dao dao=DatasetDAO method=Save id=34 name=TestDataset_1770812843593704000
time=2026-02-11T20:27:23.674+08:00 level=INFO source=/Users/wenzhengfeng/code/go/lucky_project/dao/dataset_dao.go:215 msg="find datasets begin" layer=dao dao=DatasetDAO method=FindAll page=0 page_size=0 name="" keyword="" storage_server="" task_type=detect
time=2026-02-11T20:27:23.680+08:00 level=INFO source=/Users/wenzhengfeng/code/go/lucky_project/dao/model_dao.go:87 msg="save model success" layer=dao dao=ModelDAO method=Save id=113 name=unittest_dup_model_1770812843593522000 version=1
time=2026-02-11T20:27:23.680+08:00 level=INFO source=/Users/wenzhengfeng/code/go/lucky_project/dao/model_dao.go:35 msg="save model begin" layer=dao dao=ModelDAO method=Save name=unittest_dup_model_1770812843593522000 version=1
time=2026-02-11T20:27:23.738+08:00 level=INFO source=/Users/wenzhengfeng/code/go/lucky_project/dao/dataset_dao.go:296 msg="find datasets success" layer=dao dao=DatasetDAO method=FindAll total=33 returned=10
time=2026-02-11T20:27:23.739+08:00 level=INFO source=/Users/wenzhengfeng/code/go/lucky_project/dao/model_dao.go:35 msg="save model begin" layer=dao dao=ModelDAO method=Save name=TestModel_1770812843739599000 version=1
time=2026-02-11T20:27:23.764+08:00 level=INFO source=/Users/wenzhengfeng/code/go/lucky_project/dao/model_dao.go:87 msg="save model success" layer=dao dao=ModelDAO method=Save id=113 name=unittest_dup_model_1770812843593522000 version=1
time=2026-02-11T20:27:23.764+08:00 level=INFO source=/Users/wenzhengfeng/code/go/lucky_project/dao/model_dao.go:310 msg="find model by id begin" layer=dao dao=ModelDAO method=FindByID id=113
time=2026-02-11T20:27:23.780+08:00 level=INFO source=/Users/wenzhengfeng/code/go/lucky_project/dao/model_dao.go:324 msg="find model by id success" layer=dao dao=ModelDAO method=FindByID id=113 name=unittest_dup_model_1770812843593522000
time=2026-02-11T20:27:23.850+08:00 level=INFO source=/Users/wenzhengfeng/code/go/lucky_project/dao/model_dao.go:87 msg="save model success" layer=dao dao=ModelDAO method=Save id=115 name=TestModel_1770812843739599000 version=1
time=2026-02-11T20:27:23.851+08:00 level=INFO source=/Users/wenzhengfeng/code/go/lucky_project/dao/model_dao.go:35 msg="save model begin" layer=dao dao=ModelDAO method=Save name=DupModel_1770812843851073000 version=1
time=2026-02-11T20:27:23.912+08:00 level=INFO source=/Users/wenzhengfeng/code/go/lucky_project/dao/model_dao.go:22 msg="init model dao" layer=dao dao=ModelDAO method=NewModelDAO
time=2026-02-11T20:27:23.912+08:00 level=INFO source=/Users/wenzhengfeng/code/go/lucky_project/dao/model_dao.go:35 msg="save model begin" layer=dao dao=ModelDAO method=Save name=unittest_model_1770812843912496000 version=1
time=2026-02-11T20:27:23.930+08:00 level=INFO source=/Users/wenzhengfeng/code/go/lucky_project/dao/model_dao.go:87 msg="save model success" layer=dao dao=ModelDAO method=Save id=116 name=DupModel_1770812843851073000 version=1
time=2026-02-11T20:27:23.930+08:00 level=INFO source=/Users/wenzhengfeng/code/go/lucky_project/dao/model_dao.go:35 msg="save model begin" layer=dao dao=ModelDAO method=Save name=DupModel_1770812843851073000 version=1
time=2026-02-11T20:27:24.072+08:00 level=INFO source=/Users/wenzhengfeng/code/go/lucky_project/dao/model_dao.go:87 msg="save model success" layer=dao dao=ModelDAO method=Save id=117 name=unittest_model_1770812843912496000 version=1
time=2026-02-11T20:27:24.085+08:00 level=INFO source=/Users/wenzhengfeng/code/go/lucky_project/dao/model_dao.go:87 msg="save model success" layer=dao dao=ModelDAO method=Save id=116 name=DupModel_1770812843851073000 version=1
time=2026-02-11T20:27:24.086+08:00 level=INFO source=/Users/wenzhengfeng/code/go/lucky_project/dao/model_dao.go:35 msg="save model begin" layer=dao dao=ModelDAO method=Save name=PatchModel_1770812844086071000 version=1
time=2026-02-11T20:27:24.167+08:00 level=INFO source=/Users/wenzhengfeng/code/go/lucky_project/dao/model_dao.go:87 msg="save model success" layer=dao dao=ModelDAO method=Save id=119 name=PatchModel_1770812844086071000 version=1
time=2026-02-11T20:27:24.188+08:00 level=INFO source=/Users/wenzhengfeng/code/go/lucky_project/dao/model_dao.go:498 msg="update model metadata success" layer=dao dao=ModelDAO method=UpdateMetadataByID id=117 updated_fields=4
time=2026-02-11T20:27:24.257+08:00 level=INFO source=/Users/wenzhengfeng/code/go/lucky_project/dao/model_dao.go:22 msg="init model dao" layer=dao dao=ModelDAO method=NewModelDAO
time=2026-02-11T20:27:24.257+08:00 level=WARN source=/Users/wenzhengfeng/code/go/lucky_project/dao/model_dao.go:463 msg="update model metadata skipped: invalid id" layer=dao dao=ModelDAO method=UpdateMetadataByID id=0
time=2026-02-11T20:27:24.292+08:00 level=INFO source=/Users/wenzhengfeng/code/go/lucky_project/dao/model_dao.go:498 msg="update model metadata success" layer=dao dao=ModelDAO method=UpdateMetadataByID id=119 updated_fields=12
time=2026-02-11T20:27:24.292+08:00 level=INFO source=/Users/wenzhengfeng/code/go/lucky_project/dao/model_dao.go:35 msg="save model begin" layer=dao dao=ModelDAO method=Save name=DownloadModel_1770812844292490000 version=1
time=2026-02-11T20:27:24.371+08:00 level=INFO source=/Users/wenzhengfeng/code/go/lucky_project/dao/model_dao.go:87 msg="save model success" layer=dao dao=ModelDAO method=Save id=120 name=DownloadModel_1770812844292490000 version=1
time=2026-02-11T20:27:24.371+08:00 level=INFO source=/Users/wenzhengfeng/code/go/lucky_project/dao/model_dao.go:310 msg="find model by id begin" layer=dao dao=ModelDAO method=FindByID id=120
time=2026-02-11T20:27:24.385+08:00 level=INFO source=/Users/wenzhengfeng/code/go/lucky_project/dao/model_dao.go:324 msg="find model by id success" layer=dao dao=ModelDAO method=FindByID id=120 name=DownloadModel_1770812844292490000
time=2026-02-11T20:27:24.414+08:00 level=INFO source=/Users/wenzhengfeng/code/go/lucky_project/dao/model_dao.go:204 msg="find model weight_name success" layer=dao dao=ModelDAO method=FindWeightNameByID id=120 weight_name=download_model_1770812844292490000.pt
time=2026-02-11T20:27:24.445+08:00 level=INFO source=/Users/wenzhengfeng/code/go/lucky_project/dao/model_dao.go:114 msg="get model storage server success" layer=dao dao=ModelDAO method=GetStorageServersByID id=120 count=1
time=2026-02-11T20:27:24.446+08:00 level=INFO source=/Users/wenzhengfeng/code/go/lucky_project/dao/model_dao.go:360 msg="find models begin" layer=dao dao=ModelDAO method=FindAll page=1 page_size=10 name="" keyword="" storage_server="" task_type="" algorithm_id="" framework=""
time=2026-02-11T20:27:24.594+08:00 level=INFO source=/Users/wenzhengfeng/code/go/lucky_project/dao/model_dao.go:455 msg="find models success" layer=dao dao=ModelDAO method=FindAll total=57 returned=10
time=2026-02-11T20:27:24.594+08:00 level=INFO source=/Users/wenzhengfeng/code/go/lucky_project/dao/model_dao.go:360 msg="find models begin" layer=dao dao=ModelDAO method=FindAll page=0 page_size=0 name="" keyword="" storage_server="" task_type=detect algorithm_id=yolo_ultralytics framework=""
time=2026-02-11T20:27:24.655+08:00 level=INFO source=/Users/wenzhengfeng/code/go/lucky_project/dao/model_dao.go:455 msg="find models success" layer=dao dao=ModelDAO method=FindAll total=27 returned=10
time=2026-02-11T20:27:24.655+08:00 level=INFO source=/Users/wenzhengfeng/code/go/lucky_project/dao/model_dao.go:360 msg="find models begin" layer=dao dao=ModelDAO method=FindAll page=0 page_size=0 name="" keyword="" storage_server="" task_type="" algorithm_id="" framework=""
time=2026-02-11T20:27:24.702+08:00 level=INFO source=/Users/wenzhengfeng/code/go/lucky_project/dao/model_dao.go:455 msg="find models success" layer=dao dao=ModelDAO method=FindAll total=57 returned=10
time=2026-02-11T20:27:24.779+08:00 level=INFO source=/Users/wenzhengfeng/code/go/lucky_project/dao/model_dao.go:239 msg="update model weight size success" layer=dao dao=ModelDAO method=UpdateWeightSizeByWeightName weight_name=test_model.pt weight_size_mb=0 rows_affected=0
time=2026-02-11T20:27:24.840+08:00 level=INFO source=/Users/wenzhengfeng/code/go/lucky_project/dao/model_dao.go:239 msg="update model weight size success" layer=dao dao=ModelDAO method=UpdateWeightSizeByWeightName weight_name=default_model.pt weight_size_mb=0 rows_affected=0
time=2026-02-11T20:27:24.904+08:00 level=INFO source=/Users/wenzhengfeng/code/go/lucky_project/dao/model_dao.go:239 msg="update model weight size success" layer=dao dao=ModelDAO method=UpdateWeightSizeByWeightName weight_name=duplicate_model.pt weight_size_mb=0 rows_affected=0
time=2026-02-11T20:27:24.966+08:00 level=INFO source=/Users/wenzhengfeng/code/go/lucky_project/dao/model_dao.go:239 msg="update model weight size success" layer=dao dao=ModelDAO method=UpdateWeightSizeByWeightName weight_name=duplicate_model.pt weight_size_mb=0 rows_affected=0
time=2026-02-11T20:27:24.968+08:00 level=INFO source=/Users/wenzhengfeng/code/go/lucky_project/dao/model_dao.go:35 msg="save model begin" layer=dao dao=ModelDAO method=Save name=SyncSizeModel_1770812844968641000 version=1
time=2026-02-11T20:27:25.133+08:00 level=INFO source=/Users/wenzhengfeng/code/go/lucky_project/dao/model_dao.go:87 msg="save model success" layer=dao dao=ModelDAO method=Save id=121 name=SyncSizeModel_1770812844968641000 version=1
time=2026-02-11T20:27:25.200+08:00 level=INFO source=/Users/wenzhengfeng/code/go/lucky_project/dao/model_dao.go:239 msg="update model weight size success" layer=dao dao=ModelDAO method=UpdateWeightSizeByWeightName weight_name=sync_size_1770812844968641000.onnx weight_size_mb=2 rows_affected=1
time=2026-02-11T20:27:25.200+08:00 level=INFO source=/Users/wenzhengfeng/code/go/lucky_project/dao/model_dao.go:22 msg="init model dao" layer=dao dao=ModelDAO method=NewModelDAO
time=2026-02-11T20:27:25.200+08:00 level=INFO source=/Users/wenzhengfeng/code/go/lucky_project/dao/model_dao.go:310 msg="find model by id begin" layer=dao dao=ModelDAO method=FindByID id=121
time=2026-02-11T20:27:25.215+08:00 level=INFO source=/Users/wenzhengfeng/code/go/lucky_project/dao/model_dao.go:324 msg="find model by id success" layer=dao dao=ModelDAO method=FindByID id=121 name=SyncSizeModel_1770812844968641000
time=2026-02-11T20:27:25.216+08:00 level=INFO source=/Users/wenzhengfeng/code/go/lucky_project/dao/model_dao.go:35 msg="save model begin" layer=dao dao=ModelDAO method=Save name=DeleteByNameModel_1770812845216078000 version=1
time=2026-02-11T20:27:25.292+08:00 level=INFO source=/Users/wenzhengfeng/code/go/lucky_project/dao/model_dao.go:87 msg="save model success" layer=dao dao=ModelDAO method=Save id=122 name=DeleteByNameModel_1770812845216078000 version=1
time=2026-02-11T20:27:25.292+08:00 level=INFO source=/Users/wenzhengfeng/code/go/lucky_project/dao/model_dao.go:281 msg="delete model by weight_name begin" layer=dao dao=ModelDAO method=DeleteByWeightName weight_name=delete_by_name_1770812845216078000.pt
time=2026-02-11T20:27:25.368+08:00 level=INFO source=/Users/wenzhengfeng/code/go/lucky_project/dao/model_dao.go:299 msg="delete model by weight_name success" layer=dao dao=ModelDAO method=DeleteByWeightName weight_name=delete_by_name_1770812845216078000.pt rows_affected=1
time=2026-02-11T20:27:25.369+08:00 level=INFO source=/Users/wenzhengfeng/code/go/lucky_project/dao/model_dao.go:22 msg="init model dao" layer=dao dao=ModelDAO method=NewModelDAO
time=2026-02-11T20:27:25.369+08:00 level=INFO source=/Users/wenzhengfeng/code/go/lucky_project/dao/model_dao.go:310 msg="find model by id begin" layer=dao dao=ModelDAO method=FindByID id=122
time=2026-02-11T20:27:25.383+08:00 level=ERROR source=/Users/wenzhengfeng/code/go/lucky_project/dao/model_dao.go:321 msg="find model by id failed: db query" layer=dao dao=ModelDAO method=FindByID id=122 error="record not found"
time=2026-02-11T20:27:25.383+08:00 level=INFO source=/Users/wenzhengfeng/code/go/lucky_project/dao/training_result_dao.go:32 msg="save training result begin" layer=dao dao=TrainingResultDAO method=Save model_id=1 dataset_id=1
time=2026-02-11T20:27:25.460+08:00 level=INFO source=/Users/wenzhengfeng/code/go/lucky_project/dao/training_result_dao.go:43 msg="save training result success" layer=dao dao=TrainingResultDAO method=Save id=32
time=2026-02-11T20:27:25.460+08:00 level=INFO source=/Users/wenzhengfeng/code/go/lucky_project/dao/training_result_dao.go:77 msg="find training results begin" layer=dao dao=TrainingResultDAO method=FindAll page=0 page_size=0 training_model_id=<nil> training_dataset_id=<nil> training_status=0x140001dd428
time=2026-02-11T20:27:25.521+08:00 level=INFO source=/Users/wenzhengfeng/code/go/lucky_project/dao/training_result_dao.go:119 msg="find training results success" layer=dao dao=TrainingResultDAO method=FindAll total=32 returned=10
time=2026-02-11T20:27:46.813+08:00 level=INFO source=/Users/wenzhengfeng/code/go/lucky_project/config/log.go:71 msg=日志系统初始化成功
time=2026-02-11T20:27:47.201+08:00 level=INFO source=/Users/wenzhengfeng/code/go/lucky_project/dao/model_dao.go:22 msg="init model dao" layer=dao dao=ModelDAO method=NewModelDAO
time=2026-02-11T20:27:47.201+08:00 level=INFO source=/Users/wenzhengfeng/code/go/lucky_project/dao/model_dao.go:35 msg="save model begin" layer=dao dao=ModelDAO method=Save name=unittest_model_1770812867201184000 version=1
time=2026-02-11T20:27:47.307+08:00 level=INFO source=/Users/wenzhengfeng/code/go/lucky_project/dao/model_dao.go:87 msg="save model success" layer=dao dao=ModelDAO method=Save id=123 name=unittest_model_1770812867201184000 version=1
time=2026-02-11T20:27:47.307+08:00 level=INFO source=/Users/wenzhengfeng/code/go/lucky_project/dao/model_dao.go:22 msg="init model dao" layer=dao dao=ModelDAO method=NewModelDAO
time=2026-02-11T20:27:47.307+08:00 level=INFO source=/Users/wenzhengfeng/code/go/lucky_project/dao/model_dao.go:35 msg="save model begin" layer=dao dao=ModelDAO method=Save name=unittest_model_1770812867307681000 version=1
time=2026-02-11T20:27:47.387+08:00 level=INFO source=/Users/wenzhengfeng/code/go/lucky_project/dao/model_dao.go:87 msg="save model success" layer=dao dao=ModelDAO method=Save id=124 name=unittest_model_1770812867307681000 version=1
time=2026-02-11T20:27:47.387+08:00 level=INFO source=/Users/wenzhengfeng/code/go/lucky_project/dao/model_dao.go:250 msg="delete model begin" layer=dao dao=ModelDAO method=DeleteByID id=124
time=2026-02-11T20:27:47.463+08:00 level=INFO source=/Users/wenzhengfeng/code/go/lucky_project/dao/model_dao.go:268 msg="delete model success" layer=dao dao=ModelDAO method=DeleteByID id=124
time=2026-02-11T20:27:47.463+08:00 level=INFO source=/Users/wenzhengfeng/code/go/lucky_project/dao/model_dao.go:310 msg="find model by id begin" layer=dao dao=ModelDAO method=FindByID id=124
time=2026-02-11T20:27:47.492+08:00 level=ERROR source=/Users/wenzhengfeng/code/go/lucky_project/dao/model_dao.go:321 msg="find model by id failed: db query" layer=dao dao=ModelDAO method=FindByID id=124 error="record not found"
time=2026-02-11T20:27:47.623+08:00 level=INFO source=/Users/wenzhengfeng/code/go/lucky_project/config/log.go:71 msg=日志系统初始化成功
time=2026-02-11T20:27:47.632+08:00 level=INFO source=/Users/wenzhengfeng/code/go/lucky_project/dao/model_dao.go:22 msg="init model dao" layer=dao dao=ModelDAO method=NewModelDAO
time=2026-02-11T20:27:47.632+08:00 level=WARN source=/Users/wenzhengfeng/code/go/lucky_project/dao/model_dao.go:247 msg="delete model skipped: invalid id" layer=dao dao=ModelDAO method=DeleteByID id=0
time=2026-02-11T20:27:47.632+08:00 level=INFO source=/Users/wenzhengfeng/code/go/lucky_project/dao/model_dao.go:22 msg="init model dao" layer=dao dao=ModelDAO method=NewModelDAO
time=2026-02-11T20:27:47.632+08:00 level=WARN source=/Users/wenzhengfeng/code/go/lucky_project/dao/model_dao.go:32 msg="save model skipped: model is nil" layer=dao dao=ModelDAO method=Save
time=2026-02-11T20:27:47.632+08:00 level=INFO source=/Users/wenzhengfeng/code/go/lucky_project/dao/model_dao.go:22 msg="init model dao" layer=dao dao=ModelDAO method=NewModelDAO
time=2026-02-11T20:27:47.632+08:00 level=INFO source=/Users/wenzhengfeng/code/go/lucky_project/dao/model_dao.go:35 msg="save model begin" layer=dao dao=ModelDAO method=Save name=unittest_dup_model_1770812867632297000 version=1
time=2026-02-11T20:27:47.711+08:00 level=INFO source=/Users/wenzhengfeng/code/go/lucky_project/dao/model_dao.go:87 msg="save model success" layer=dao dao=ModelDAO method=Save id=125 name=unittest_dup_model_1770812867632297000 version=1
time=2026-02-11T20:27:47.711+08:00 level=INFO source=/Users/wenzhengfeng/code/go/lucky_project/dao/model_dao.go:35 msg="save model begin" layer=dao dao=ModelDAO method=Save name=unittest_dup_model_1770812867632297000 version=1
time=2026-02-11T20:27:47.787+08:00 level=INFO source=/Users/wenzhengfeng/code/go/lucky_project/dao/model_dao.go:87 msg="save model success" layer=dao dao=ModelDAO method=Save id=125 name=unittest_dup_model_1770812867632297000 version=1
time=2026-02-11T20:27:47.787+08:00 level=INFO source=/Users/wenzhengfeng/code/go/lucky_project/dao/model_dao.go:310 msg="find model by id begin" layer=dao dao=ModelDAO method=FindByID id=125
time=2026-02-11T20:27:47.802+08:00 level=INFO source=/Users/wenzhengfeng/code/go/lucky_project/dao/model_dao.go:324 msg="find model by id success" layer=dao dao=ModelDAO method=FindByID id=125 name=unittest_dup_model_1770812867632297000
time=2026-02-11T20:27:47.924+08:00 level=INFO source=/Users/wenzhengfeng/code/go/lucky_project/dao/model_dao.go:22 msg="init model dao" layer=dao dao=ModelDAO method=NewModelDAO
time=2026-02-11T20:27:47.925+08:00 level=INFO source=/Users/wenzhengfeng/code/go/lucky_project/dao/model_dao.go:35 msg="save model begin" layer=dao dao=ModelDAO method=Save name=unittest_model_1770812867925010000 version=1
time=2026-02-11T20:27:47.951+08:00 level=INFO source=/Users/wenzhengfeng/code/go/lucky_project/dao/model_dao.go:22 msg="init model dao" layer=dao dao=ModelDAO method=NewModelDAO
time=2026-02-11T20:27:47.951+08:00 level=INFO source=/Users/wenzhengfeng/code/go/lucky_project/dao/dataset_dao.go:19 msg="init dataset dao" layer=dao dao=DatasetDAO method=NewDatasetDAO
time=2026-02-11T20:27:47.951+08:00 level=INFO source=/Users/wenzhengfeng/code/go/lucky_project/dao/training_result_dao.go:19 msg="init training result dao" layer=dao dao=TrainingResultDAO method=NewTrainingResultDAO
time=2026-02-11T20:27:47.951+08:00 level=INFO source=/Users/wenzhengfeng/code/go/lucky_project/dao/model_dao.go:22 msg="init model dao" layer=dao dao=ModelDAO method=NewModelDAO
time=2026-02-11T20:27:47.951+08:00 level=INFO source=/Users/wenzhengfeng/code/go/lucky_project/dao/dataset_dao.go:19 msg="init dataset dao" layer=dao dao=DatasetDAO method=NewDatasetDAO
time=2026-02-11T20:27:47.952+08:00 level=INFO source=/Users/wenzhengfeng/code/go/lucky_project/dao/dataset_dao.go:32 msg="save dataset begin" layer=dao dao=DatasetDAO method=Save name=TestDataset_1770812867952068000
time=2026-02-11T20:27:48.007+08:00 level=INFO source=/Users/wenzhengfeng/code/go/lucky_project/dao/model_dao.go:87 msg="save model success" layer=dao dao=ModelDAO method=Save id=127 name=unittest_model_1770812867925010000 version=1
time=2026-02-11T20:27:48.036+08:00 level=INFO source=/Users/wenzhengfeng/code/go/lucky_project/dao/dataset_dao.go:59 msg="save dataset success" layer=dao dao=DatasetDAO method=Save id=35 name=TestDataset_1770812867952068000
time=2026-02-11T20:27:48.037+08:00 level=INFO source=/Users/wenzhengfeng/code/go/lucky_project/dao/dataset_dao.go:215 msg="find datasets begin" layer=dao dao=DatasetDAO method=FindAll page=0 page_size=0 name="" keyword="" storage_server="" task_type=detect
time=2026-02-11T20:27:48.189+08:00 level=INFO source=/Users/wenzhengfeng/code/go/lucky_project/dao/dataset_dao.go:296 msg="find datasets success" layer=dao dao=DatasetDAO method=FindAll total=34 returned=10
time=2026-02-11T20:27:48.190+08:00 level=INFO source=/Users/wenzhengfeng/code/go/lucky_project/dao/model_dao.go:35 msg="save model begin" layer=dao dao=ModelDAO method=Save name=TestModel_1770812868190682000 version=1
time=2026-02-11T20:27:48.201+08:00 level=INFO source=/Users/wenzhengfeng/code/go/lucky_project/dao/model_dao.go:498 msg="update model metadata success" layer=dao dao=ModelDAO method=UpdateMetadataByID id=127 updated_fields=4
time=2026-02-11T20:27:48.265+08:00 level=INFO source=/Users/wenzhengfeng/code/go/lucky_project/dao/model_dao.go:22 msg="init model dao" layer=dao dao=ModelDAO method=NewModelDAO
time=2026-02-11T20:27:48.265+08:00 level=WARN source=/Users/wenzhengfeng/code/go/lucky_project/dao/model_dao.go:463 msg="update model metadata skipped: invalid id" layer=dao dao=ModelDAO method=UpdateMetadataByID id=0
time=2026-02-11T20:27:48.303+08:00 level=INFO source=/Users/wenzhengfeng/code/go/lucky_project/dao/model_dao.go:87 msg="save model success" layer=dao dao=ModelDAO method=Save id=128 name=TestModel_1770812868190682000 version=1
time=2026-02-11T20:27:48.303+08:00 level=INFO source=/Users/wenzhengfeng/code/go/lucky_project/dao/model_dao.go:35 msg="save model begin" layer=dao dao=ModelDAO method=Save name=DupModel_1770812868303929000 version=1
time=2026-02-11T20:27:48.385+08:00 level=INFO source=/Users/wenzhengfeng/code/go/lucky_project/dao/model_dao.go:87 msg="save model success" layer=dao dao=ModelDAO method=Save id=129 name=DupModel_1770812868303929000 version=1
time=2026-02-11T20:27:48.385+08:00 level=INFO source=/Users/wenzhengfeng/code/go/lucky_project/dao/model_dao.go:35 msg="save model begin" layer=dao dao=ModelDAO method=Save name=DupModel_1770812868303929000 version=1
time=2026-02-11T20:27:48.469+08:00 level=INFO source=/Users/wenzhengfeng/code/go/lucky_project/dao/model_dao.go:87 msg="save model success" layer=dao dao=ModelDAO method=Save id=129 name=DupModel_1770812868303929000 version=1
time=2026-02-11T20:27:48.469+08:00 level=INFO source=/Users/wenzhengfeng/code/go/lucky_project/dao/model_dao.go:35 msg="save model begin" layer=dao dao=ModelDAO method=Save name=PatchModel_1770812868469829000 version=1
time=2026-02-11T20:27:48.549+08:00 level=INFO source=/Users/wenzhengfeng/code/go/lucky_project/dao/model_dao.go:87 msg="save model success" layer=dao dao=ModelDAO method=Save id=131 name=PatchModel_1770812868469829000 version=1
time=2026-02-11T20:27:48.763+08:00 level=INFO source=/Users/wenzhengfeng/code/go/lucky_project/dao/model_dao.go:498 msg="update model metadata success" layer=dao dao=ModelDAO method=UpdateMetadataByID id=131 updated_fields=12
time=2026-02-11T20:27:48.763+08:00 level=INFO source=/Users/wenzhengfeng/code/go/lucky_project/dao/model_dao.go:35 msg="save model begin" layer=dao dao=ModelDAO method=Save name=DownloadModel_1770812868763904000 version=1
time=2026-02-11T20:27:48.844+08:00 level=INFO source=/Users/wenzhengfeng/code/go/lucky_project/dao/model_dao.go:87 msg="save model success" layer=dao dao=ModelDAO method=Save id=132 name=DownloadModel_1770812868763904000 version=1
time=2026-02-11T20:27:48.844+08:00 level=INFO source=/Users/wenzhengfeng/code/go/lucky_project/dao/model_dao.go:310 msg="find model by id begin" layer=dao dao=ModelDAO method=FindByID id=132
time=2026-02-11T20:27:48.859+08:00 level=INFO source=/Users/wenzhengfeng/code/go/lucky_project/dao/model_dao.go:324 msg="find model by id success" layer=dao dao=ModelDAO method=FindByID id=132 name=DownloadModel_1770812868763904000
time=2026-02-11T20:27:48.891+08:00 level=INFO source=/Users/wenzhengfeng/code/go/lucky_project/dao/model_dao.go:204 msg="find model weight_name success" layer=dao dao=ModelDAO method=FindWeightNameByID id=132 weight_name=download_model_1770812868763904000.pt
time=2026-02-11T20:27:48.923+08:00 level=INFO source=/Users/wenzhengfeng/code/go/lucky_project/dao/model_dao.go:114 msg="get model storage server success" layer=dao dao=ModelDAO method=GetStorageServersByID id=132 count=1
time=2026-02-11T20:27:48.924+08:00 level=INFO source=/Users/wenzhengfeng/code/go/lucky_project/dao/model_dao.go:360 msg="find models begin" layer=dao dao=ModelDAO method=FindAll page=1 page_size=10 name="" keyword="" storage_server="" task_type="" algorithm_id="" framework=""
time=2026-02-11T20:27:48.987+08:00 level=INFO source=/Users/wenzhengfeng/code/go/lucky_project/dao/model_dao.go:455 msg="find models success" layer=dao dao=ModelDAO method=FindAll total=63 returned=10
time=2026-02-11T20:27:48.988+08:00 level=INFO source=/Users/wenzhengfeng/code/go/lucky_project/dao/model_dao.go:360 msg="find models begin" layer=dao dao=ModelDAO method=FindAll page=0 page_size=0 name="" keyword="" storage_server="" task_type=detect algorithm_id=yolo_ultralytics framework=""
time=2026-02-11T20:27:49.051+08:00 level=INFO source=/Users/wenzhengfeng/code/go/lucky_project/dao/model_dao.go:455 msg="find models success" layer=dao dao=ModelDAO method=FindAll total=30 returned=10
time=2026-02-11T20:27:49.051+08:00 level=INFO source=/Users/wenzhengfeng/code/go/lucky_project/dao/model_dao.go:360 msg="find models begin" layer=dao dao=ModelDAO method=FindAll page=0 page_size=0 name="" keyword="" storage_server="" task_type="" algorithm_id="" framework=""
time=2026-02-11T20:27:49.098+08:00 level=INFO source=/Users/wenzhengfeng/code/go/lucky_project/dao/model_dao.go:455 msg="find models success" layer=dao dao=ModelDAO method=FindAll total=63 returned=10
time=2026-02-11T20:27:49.266+08:00 level=INFO source=/Users/wenzhengfeng/code/go/lucky_project/dao/model_dao.go:239 msg="update model weight size success" layer=dao dao=ModelDAO method=UpdateWeightSizeByWeightName weight_name=test_model.pt weight_size_mb=0 rows_affected=0
time=2026-02-11T20:27:49.333+08:00 level=INFO source=/Users/wenzhengfeng/code/go/lucky_project/dao/model_dao.go:239 msg="update model weight size success" layer=dao dao=ModelDAO method=UpdateWeightSizeByWeightName weight_name=default_model.pt weight_size_mb=0 rows_affected=0
time=2026-02-11T20:27:49.400+08:00 level=INFO source=/Users/wenzhengfeng/code/go/lucky_project/dao/model_dao.go:239 msg="update model weight size success" layer=dao dao=ModelDAO method=UpdateWeightSizeByWeightName weight_name=duplicate_model.pt weight_size_mb=0 rows_affected=0
time=2026-02-11T20:27:49.465+08:00 level=INFO source=/Users/wenzhengfeng/code/go/lucky_project/dao/model_dao.go:239 msg="update model weight size success" layer=dao dao=ModelDAO method=UpdateWeightSizeByWeightName weight_name=duplicate_model.pt weight_size_mb=0 rows_affected=0
time=2026-02-11T20:27:49.466+08:00 level=INFO source=/Users/wenzhengfeng/code/go/lucky_project/dao/model_dao.go:35 msg="save model begin" layer=dao dao=ModelDAO method=Save name=SyncSizeModel_1770812869466259000 version=1
time=2026-02-11T20:27:49.547+08:00 level=INFO source=/Users/wenzhengfeng/code/go/lucky_project/dao/model_dao.go:87 msg="save model success" layer=dao dao=ModelDAO method=Save id=133 name=SyncSizeModel_1770812869466259000 version=1
time=2026-02-11T20:27:49.616+08:00 level=INFO source=/Users/wenzhengfeng/code/go/lucky_project/dao/model_dao.go:239 msg="update model weight size success" layer=dao dao=ModelDAO method=UpdateWeightSizeByWeightName weight_name=sync_size_1770812869466258000.onnx weight_size_mb=2 rows_affected=1
time=2026-02-11T20:27:49.616+08:00 level=INFO source=/Users/wenzhengfeng/code/go/lucky_project/dao/model_dao.go:22 msg="init model dao" layer=dao dao=ModelDAO method=NewModelDAO
time=2026-02-11T20:27:49.616+08:00 level=INFO source=/Users/wenzhengfeng/code/go/lucky_project/dao/model_dao.go:310 msg="find model by id begin" layer=dao dao=ModelDAO method=FindByID id=133
time=2026-02-11T20:27:49.632+08:00 level=INFO source=/Users/wenzhengfeng/code/go/lucky_project/dao/model_dao.go:324 msg="find model by id success" layer=dao dao=ModelDAO method=FindByID id=133 name=SyncSizeModel_1770812869466259000
time=2026-02-11T20:27:49.633+08:00 level=INFO source=/Users/wenzhengfeng/code/go/lucky_project/dao/model_dao.go:35 msg="save model begin" layer=dao dao=ModelDAO method=Save name=DeleteByNameModel_1770812869633022000 version=1
time=2026-02-11T20:27:49.793+08:00 level=INFO source=/Users/wenzhengfeng/code/go/lucky_project/dao/model_dao.go:87 msg="save model success" layer=dao dao=ModelDAO method=Save id=134 name=DeleteByNameModel_1770812869633022000 version=1
time=2026-02-11T20:27:49.793+08:00 level=INFO source=/Users/wenzhengfeng/code/go/lucky_project/dao/model_dao.go:281 msg="delete model by weight_name begin" layer=dao dao=ModelDAO method=DeleteByWeightName weight_name=delete_by_name_1770812869633022000.pt
time=2026-02-11T20:27:49.876+08:00 level=INFO source=/Users/wenzhengfeng/code/go/lucky_project/dao/model_dao.go:299 msg="delete model by weight_name success" layer=dao dao=ModelDAO method=DeleteByWeightName weight_name=delete_by_name_1770812869633022000.pt rows_affected=1
time=2026-02-11T20:27:49.877+08:00 level=INFO source=/Users/wenzhengfeng/code/go/lucky_project/dao/model_dao.go:22 msg="init model dao" layer=dao dao=ModelDAO method=NewModelDAO
time=2026-02-11T20:27:49.877+08:00 level=INFO source=/Users/wenzhengfeng/code/go/lucky_project/dao/model_dao.go:310 msg="find model by id begin" layer=dao dao=ModelDAO method=FindByID id=134
time=2026-02-11T20:27:49.892+08:00 level=ERROR source=/Users/wenzhengfeng/code/go/lucky_project/dao/model_dao.go:321 msg="find model by id failed: db query" layer=dao dao=ModelDAO method=FindByID id=134 error="record not found"
time=2026-02-11T20:27:49.892+08:00 level=INFO source=/Users/wenzhengfeng/code/go/lucky_project/dao/training_result_dao.go:32 msg="save training result begin" layer=dao dao=TrainingResultDAO method=Save model_id=1 dataset_id=1
time=2026-02-11T20:27:49.974+08:00 level=INFO source=/Users/wenzhengfeng/code/go/lucky_project/dao/training_result_dao.go:43 msg="save training result success" layer=dao dao=TrainingResultDAO method=Save id=33
time=2026-02-11T20:27:49.974+08:00 level=INFO source=/Users/wenzhengfeng/code/go/lucky_project/dao/training_result_dao.go:77 msg="find training results begin" layer=dao dao=TrainingResultDAO method=FindAll page=0 page_size=0 training_model_id=<nil> training_dataset_id=<nil> training_status=0x14000010760
time=2026-02-11T20:27:50.038+08:00 level=INFO source=/Users/wenzhengfeng/code/go/lucky_project/dao/training_result_dao.go:119 msg="find training results success" layer=dao dao=TrainingResultDAO method=FindAll total=33 returned=10
time=2026-02-11T20:31:15.813+08:00 level=INFO source=/Users/wenzhengfeng/code/go/lucky_project/config/log.go:71 msg=日志系统初始化成功
time=2026-02-11T20:31:16.119+08:00 level=INFO source=/Users/wenzhengfeng/code/go/lucky_project/dao/model_dao.go:22 msg="init model dao" layer=dao dao=ModelDAO method=NewModelDAO
time=2026-02-11T20:31:16.119+08:00 level=INFO source=/Users/wenzhengfeng/code/go/lucky_project/dao/dataset_dao.go:19 msg="init dataset dao" layer=dao dao=DatasetDAO method=NewDatasetDAO
time=2026-02-11T20:31:16.119+08:00 level=INFO source=/Users/wenzhengfeng/code/go/lucky_project/dao/training_result_dao.go:19 msg="init training result dao" layer=dao dao=TrainingResultDAO method=NewTrainingResultDAO
time=2026-02-11T20:31:16.119+08:00 level=INFO source=/Users/wenzhengfeng/code/go/lucky_project/dao/model_dao.go:22 msg="init model dao" layer=dao dao=ModelDAO method=NewModelDAO
time=2026-02-11T20:31:16.119+08:00 level=INFO source=/Users/wenzhengfeng/code/go/lucky_project/dao/dataset_dao.go:19 msg="init dataset dao" layer=dao dao=DatasetDAO method=NewDatasetDAO
time=2026-02-11T20:31:22.584+08:00 level=INFO source=/Users/wenzhengfeng/code/go/lucky_project/dao/model_dao.go:360 msg="find models begin" layer=dao dao=ModelDAO method=FindAll page=1 page_size=200 name="" keyword=yolo26n storage_server="" task_type="" algorithm_id="" framework=""
time=2026-02-11T20:31:22.648+08:00 level=INFO source=/Users/wenzhengfeng/code/go/lucky_project/dao/model_dao.go:455 msg="find models success" layer=dao dao=ModelDAO method=FindAll total=7 returned=7
time=2026-02-11T20:31:24.774+08:00 level=INFO source=/Users/wenzhengfeng/code/go/lucky_project/dao/model_dao.go:239 msg="update model weight size success" layer=dao dao=ModelDAO method=UpdateWeightSizeByWeightName weight_name=yolo26n_v8.0.onnx weight_size_mb=9.436 rows_affected=0
time=2026-02-11T20:31:24.777+08:00 level=INFO source=/Users/wenzhengfeng/code/go/lucky_project/dao/model_dao.go:35 msg="save model begin" layer=dao dao=ModelDAO method=Save name=yolo26n version=8
time=2026-02-11T20:31:24.885+08:00 level=INFO source=/Users/wenzhengfeng/code/go/lucky_project/dao/model_dao.go:87 msg="save model success" layer=dao dao=ModelDAO method=Save id=136 name=yolo26n version=8
time=2026-02-11T20:31:24.919+08:00 level=INFO source=/Users/wenzhengfeng/code/go/lucky_project/dao/model_dao.go:114 msg="get model storage server success" layer=dao dao=ModelDAO method=GetStorageServersByID id=136 count=1
time=2026-02-11T20:31:24.994+08:00 level=INFO source=/Users/wenzhengfeng/code/go/lucky_project/dao/model_dao.go:155 msg="update model storage server success" layer=dao dao=ModelDAO method=UpdateStorageServersByID id=136 action=add count=1
time=2026-02-11T20:31:24.997+08:00 level=INFO source=/Users/wenzhengfeng/code/go/lucky_project/dao/model_dao.go:360 msg="find models begin" layer=dao dao=ModelDAO method=FindAll page=1 page_size=10 name="" keyword="" storage_server="" task_type="" algorithm_id="" framework=""
time=2026-02-11T20:31:25.059+08:00 level=INFO source=/Users/wenzhengfeng/code/go/lucky_project/dao/model_dao.go:455 msg="find models success" layer=dao dao=ModelDAO method=FindAll total=66 returned=10
